-------------------------------------------------------------------------------
Test set: com.jwt.example.JwtExample3ApplicationTests
-------------------------------------------------------------------------------
Tests run: 1, Failures: 0, Errors: 1, Skipped: 0, Time elapsed: 4.631 s <<< FAILURE! - in com.jwt.example.JwtExample3ApplicationTests
com.jwt.example.JwtExample3ApplicationTests.contextLoads  Time elapsed: 0.006 s  <<< ERROR!
java.lang.IllegalStateException: Failed to load ApplicationContext for [WebMergedContextConfiguration@7ac1161f testClass = com.jwt.example.JwtExample3ApplicationTests, locations = [], classes = [com.jwt.example.JwtExample3Application], contextInitializerClasses = [], activeProfiles = [], propertySourceLocations = [], propertySourceProperties = ["org.springframework.boot.test.context.SpringBootTestContextBootstrapper=true"], contextCustomizers = [org.springframework.boot.test.context.filter.ExcludeFilterContextCustomizer@6cb107fd, org.springframework.boot.test.json.DuplicateJsonObjectContextCustomizerFactory$DuplicateJsonObjectContextCustomizer@eadd4fb, org.springframework.boot.test.mock.mockito.MockitoContextCustomizer@0, org.springframework.boot.test.web.client.TestRestTemplateContextCustomizer@5b7a7f33, org.springframework.boot.test.autoconfigure.actuate.observability.ObservabilityContextCustomizerFactory$DisableObservabilityContextCustomizer@1f, org.springframework.boot.test.autoconfigure.properties.PropertyMappingContextCustomizer@0, org.springframework.boot.test.autoconfigure.web.servlet.WebDriverContextCustomizer@7857fe2, org.springframework.boot.test.context.SpringBootTestAnnotation@23729b12], resourceBasePath = "src/main/webapp", contextLoader = org.springframework.boot.test.context.SpringBootContextLoader, parent = null]
	at org.springframework.test.context.cache.DefaultCacheAwareContextLoaderDelegate.loadContext(DefaultCacheAwareContextLoaderDelegate.java:143)
	at org.springframework.test.context.support.DefaultTestContext.getApplicationContext(DefaultTestContext.java:127)
	at org.springframework.test.context.web.ServletTestExecutionListener.setUpRequestContextIfNecessary(ServletTestExecutionListener.java:191)
	at org.springframework.test.context.web.ServletTestExecutionListener.prepareTestInstance(ServletTestExecutionListener.java:130)
	at org.springframework.test.context.TestContextManager.prepareTestInstance(TestContextManager.java:241)
	at org.springframework.test.context.junit.jupiter.SpringExtension.postProcessTestInstance(SpringExtension.java:138)
	at org.junit.jupiter.engine.descriptor.ClassBasedTestDescriptor.lambda$invokeTestInstancePostProcessors$10(ClassBasedTestDescriptor.java:377)
	at org.junit.jupiter.engine.descriptor.ClassBasedTestDescriptor.executeAndMaskThrowable(ClassBasedTestDescriptor.java:382)
	at org.junit.jupiter.engine.descriptor.ClassBasedTestDescriptor.lambda$invokeTestInstancePostProcessors$11(ClassBasedTestDescriptor.java:377)
	at java.base/java.util.stream.ReferencePipeline$3$1.accept(ReferencePipeline.java:197)
	at java.base/java.util.stream.ReferencePipeline$2$1.accept(ReferencePipeline.java:179)
	at java.base/java.util.ArrayList$ArrayListSpliterator.forEachRemaining(ArrayList.java:1625)
	at java.base/java.util.stream.AbstractPipeline.copyInto(AbstractPipeline.java:509)
	at java.base/java.util.stream.AbstractPipeline.wrapAndCopyInto(AbstractPipeline.java:499)
	at java.base/java.util.stream.StreamSpliterators$WrappingSpliterator.forEachRemaining(StreamSpliterators.java:310)
	at java.base/java.util.stream.Streams$ConcatSpliterator.forEachRemaining(Streams.java:735)
	at java.base/java.util.stream.Streams$ConcatSpliterator.forEachRemaining(Streams.java:734)
	at java.base/java.util.stream.ReferencePipeline$Head.forEach(ReferencePipeline.java:762)
	at org.junit.jupiter.engine.descriptor.ClassBasedTestDescriptor.invokeTestInstancePostProcessors(ClassBasedTestDescriptor.java:376)
	at org.junit.jupiter.engine.descriptor.ClassBasedTestDescriptor.lambda$instantiateAndPostProcessTestInstance$6(ClassBasedTestDescriptor.java:289)
	at org.junit.platform.engine.support.hierarchical.ThrowableCollector.execute(ThrowableCollector.java:73)
	at org.junit.jupiter.engine.descriptor.ClassBasedTestDescriptor.instantiateAndPostProcessTestInstance(ClassBasedTestDescriptor.java:288)
	at org.junit.jupiter.engine.descriptor.ClassBasedTestDescriptor.lambda$testInstancesProvider$4(ClassBasedTestDescriptor.java:278)
	at java.base/java.util.Optional.orElseGet(Optional.java:364)
	at org.junit.jupiter.engine.descriptor.ClassBasedTestDescriptor.lambda$testInstancesProvider$5(ClassBasedTestDescriptor.java:277)
	at org.junit.jupiter.engine.execution.TestInstancesProvider.getTestInstances(TestInstancesProvider.java:31)
	at org.junit.jupiter.engine.descriptor.TestMethodTestDescriptor.lambda$prepare$0(TestMethodTestDescriptor.java:105)
	at org.junit.platform.engine.support.hierarchical.ThrowableCollector.execute(ThrowableCollector.java:73)
	at org.junit.jupiter.engine.descriptor.TestMethodTestDescriptor.prepare(TestMethodTestDescriptor.java:104)
	at org.junit.jupiter.engine.descriptor.TestMethodTestDescriptor.prepare(TestMethodTestDescriptor.java:68)
	at org.junit.platform.engine.support.hierarchical.NodeTestTask.lambda$prepare$2(NodeTestTask.java:123)
	at org.junit.platform.engine.support.hierarchical.ThrowableCollector.execute(ThrowableCollector.java:73)
	at org.junit.platform.engine.support.hierarchical.NodeTestTask.prepare(NodeTestTask.java:123)
	at org.junit.platform.engine.support.hierarchical.NodeTestTask.execute(NodeTestTask.java:90)
	at java.base/java.util.ArrayList.forEach(ArrayList.java:1511)
	at org.junit.platform.engine.support.hierarchical.SameThreadHierarchicalTestExecutorService.invokeAll(SameThreadHierarchicalTestExecutorService.java:41)
	at org.junit.platform.engine.support.hierarchical.NodeTestTask.lambda$executeRecursively$6(NodeTestTask.java:155)
	at org.junit.platform.engine.support.hierarchical.ThrowableCollector.execute(ThrowableCollector.java:73)
	at org.junit.platform.engine.support.hierarchical.NodeTestTask.lambda$executeRecursively$8(NodeTestTask.java:141)
	at org.junit.platform.engine.support.hierarchical.Node.around(Node.java:137)
	at org.junit.platform.engine.support.hierarchical.NodeTestTask.lambda$executeRecursively$9(NodeTestTask.java:139)
	at org.junit.platform.engine.support.hierarchical.ThrowableCollector.execute(ThrowableCollector.java:73)
	at org.junit.platform.engine.support.hierarchical.NodeTestTask.executeRecursively(NodeTestTask.java:138)
	at org.junit.platform.engine.support.hierarchical.NodeTestTask.execute(NodeTestTask.java:95)
	at java.base/java.util.ArrayList.forEach(ArrayList.java:1511)
	at org.junit.platform.engine.support.hierarchical.SameThreadHierarchicalTestExecutorService.invokeAll(SameThreadHierarchicalTestExecutorService.java:41)
	at org.junit.platform.engine.support.hierarchical.NodeTestTask.lambda$executeRecursively$6(NodeTestTask.java:155)
	at org.junit.platform.engine.support.hierarchical.ThrowableCollector.execute(ThrowableCollector.java:73)
	at org.junit.platform.engine.support.hierarchical.NodeTestTask.lambda$executeRecursively$8(NodeTestTask.java:141)
	at org.junit.platform.engine.support.hierarchical.Node.around(Node.java:137)
	at org.junit.platform.engine.support.hierarchical.NodeTestTask.lambda$executeRecursively$9(NodeTestTask.java:139)
	at org.junit.platform.engine.support.hierarchical.ThrowableCollector.execute(ThrowableCollector.java:73)
	at org.junit.platform.engine.support.hierarchical.NodeTestTask.executeRecursively(NodeTestTask.java:138)
	at org.junit.platform.engine.support.hierarchical.NodeTestTask.execute(NodeTestTask.java:95)
	at org.junit.platform.engine.support.hierarchical.SameThreadHierarchicalTestExecutorService.submit(SameThreadHierarchicalTestExecutorService.java:35)
	at org.junit.platform.engine.support.hierarchical.HierarchicalTestExecutor.execute(HierarchicalTestExecutor.java:57)
	at org.junit.platform.engine.support.hierarchical.HierarchicalTestEngine.execute(HierarchicalTestEngine.java:54)
	at org.junit.platform.launcher.core.EngineExecutionOrchestrator.execute(EngineExecutionOrchestrator.java:147)
	at org.junit.platform.launcher.core.EngineExecutionOrchestrator.execute(EngineExecutionOrchestrator.java:127)
	at org.junit.platform.launcher.core.EngineExecutionOrchestrator.execute(EngineExecutionOrchestrator.java:90)
	at org.junit.platform.launcher.core.EngineExecutionOrchestrator.lambda$execute$0(EngineExecutionOrchestrator.java:55)
	at org.junit.platform.launcher.core.EngineExecutionOrchestrator.withInterceptedStreams(EngineExecutionOrchestrator.java:102)
	at org.junit.platform.launcher.core.EngineExecutionOrchestrator.execute(EngineExecutionOrchestrator.java:54)
	at org.junit.platform.launcher.core.DefaultLauncher.execute(DefaultLauncher.java:114)
	at org.junit.platform.launcher.core.DefaultLauncher.execute(DefaultLauncher.java:86)
	at org.junit.platform.launcher.core.DefaultLauncherSession$DelegatingLauncher.execute(DefaultLauncherSession.java:86)
	at org.apache.maven.surefire.junitplatform.LazyLauncher.execute(LazyLauncher.java:50)
	at org.apache.maven.surefire.junitplatform.JUnitPlatformProvider.execute(JUnitPlatformProvider.java:184)
	at org.apache.maven.surefire.junitplatform.JUnitPlatformProvider.invokeAllTests(JUnitPlatformProvider.java:148)
	at org.apache.maven.surefire.junitplatform.JUnitPlatformProvider.invoke(JUnitPlatformProvider.java:122)
	at org.apache.maven.surefire.booter.ForkedBooter.runSuitesInProcess(ForkedBooter.java:385)
	at org.apache.maven.surefire.booter.ForkedBooter.execute(ForkedBooter.java:162)
	at org.apache.maven.surefire.booter.ForkedBooter.run(ForkedBooter.java:507)
	at org.apache.maven.surefire.booter.ForkedBooter.main(ForkedBooter.java:495)
Caused by: org.springframework.beans.factory.UnsatisfiedDependencyException: Error creating bean with name 'authController': Unsatisfied dependency expressed through field 'manager': Error creating bean with name 'authenticationManager' defined in class path resource [com/jwt/example/config/AppConfig.class]: Failed to instantiate [org.springframework.security.authentication.AuthenticationManager]: Factory method 'authenticationManager' threw exception with message: Error creating bean with name 'daoAuthenticationProvider' defined in class path resource [com/jwt/example/config/SecurityConfig.class]: Failed to instantiate [org.springframework.security.authentication.dao.DaoAuthenticationProvider]: Factory method 'daoAuthenticationProvider' threw exception with message: Stack overflow during pattern compilation near index 15
\A\$2(a|y|b)?\$(\d\d)\$[./0-9A-Za-z]{53}
               ^
	at org.springframework.beans.factory.annotation.AutowiredAnnotationBeanPostProcessor$AutowiredFieldElement.resolveFieldValue(AutowiredAnnotationBeanPostProcessor.java:767)
	at org.springframework.beans.factory.annotation.AutowiredAnnotationBeanPostProcessor$AutowiredFieldElement.inject(AutowiredAnnotationBeanPostProcessor.java:747)
	at org.springframework.beans.factory.annotation.InjectionMetadata.inject(InjectionMetadata.java:145)
	at org.springframework.beans.factory.annotation.AutowiredAnnotationBeanPostProcessor.postProcessProperties(AutowiredAnnotationBeanPostProcessor.java:492)
	at org.springframework.beans.factory.support.AbstractAutowireCapableBeanFactory.populateBean(AbstractAutowireCapableBeanFactory.java:1416)
	at org.springframework.beans.factory.support.AbstractAutowireCapableBeanFactory.doCreateBean(AbstractAutowireCapableBeanFactory.java:597)
	at org.springframework.beans.factory.support.AbstractAutowireCapableBeanFactory.createBean(AbstractAutowireCapableBeanFactory.java:520)
	at org.springframework.beans.factory.support.AbstractBeanFactory.lambda$doGetBean$0(AbstractBeanFactory.java:325)
	at org.springframework.beans.factory.support.DefaultSingletonBeanRegistry.getSingleton(DefaultSingletonBeanRegistry.java:234)
	at org.springframework.beans.factory.support.AbstractBeanFactory.doGetBean(AbstractBeanFactory.java:323)
	at org.springframework.beans.factory.support.AbstractBeanFactory.getBean(AbstractBeanFactory.java:199)
	at org.springframework.beans.factory.support.DefaultListableBeanFactory.preInstantiateSingletons(DefaultListableBeanFactory.java:973)
	at org.springframework.context.support.AbstractApplicationContext.finishBeanFactoryInitialization(AbstractApplicationContext.java:942)
	at org.springframework.context.support.AbstractApplicationContext.refresh(AbstractApplicationContext.java:608)
	at org.springframework.boot.SpringApplication.refresh(SpringApplication.java:737)
	at org.springframework.boot.SpringApplication.refreshContext(SpringApplication.java:439)
	at org.springframework.boot.SpringApplication.run(SpringApplication.java:315)
	at org.springframework.boot.test.context.SpringBootContextLoader.lambda$loadContext$3(SpringBootContextLoader.java:137)
	at org.springframework.util.function.ThrowingSupplier.get(ThrowingSupplier.java:58)
	at org.springframework.util.function.ThrowingSupplier.get(ThrowingSupplier.java:46)
	at org.springframework.boot.SpringApplication.withHook(SpringApplication.java:1409)
	at org.springframework.boot.test.context.SpringBootContextLoader$ContextLoaderHook.run(SpringBootContextLoader.java:545)
	at org.springframework.boot.test.context.SpringBootContextLoader.loadContext(SpringBootContextLoader.java:137)
	at org.springframework.boot.test.context.SpringBootContextLoader.loadContext(SpringBootContextLoader.java:108)
	at org.springframework.test.context.cache.DefaultCacheAwareContextLoaderDelegate.loadContextInternal(DefaultCacheAwareContextLoaderDelegate.java:187)
	at org.springframework.test.context.cache.DefaultCacheAwareContextLoaderDelegate.loadContext(DefaultCacheAwareContextLoaderDelegate.java:119)
	... 73 more
Caused by: org.springframework.beans.factory.BeanCreationException: Error creating bean with name 'authenticationManager' defined in class path resource [com/jwt/example/config/AppConfig.class]: Failed to instantiate [org.springframework.security.authentication.AuthenticationManager]: Factory method 'authenticationManager' threw exception with message: Error creating bean with name 'daoAuthenticationProvider' defined in class path resource [com/jwt/example/config/SecurityConfig.class]: Failed to instantiate [org.springframework.security.authentication.dao.DaoAuthenticationProvider]: Factory method 'daoAuthenticationProvider' threw exception with message: Stack overflow during pattern compilation near index 15
\A\$2(a|y|b)?\$(\d\d)\$[./0-9A-Za-z]{53}
               ^
	at org.springframework.beans.factory.support.ConstructorResolver.instantiate(ConstructorResolver.java:654)
	at org.springframework.beans.factory.support.ConstructorResolver.instantiateUsingFactoryMethod(ConstructorResolver.java:642)
	at org.springframework.beans.factory.support.AbstractAutowireCapableBeanFactory.instantiateUsingFactoryMethod(AbstractAutowireCapableBeanFactory.java:1332)
	at org.springframework.beans.factory.support.AbstractAutowireCapableBeanFactory.createBeanInstance(AbstractAutowireCapableBeanFactory.java:1162)
	at org.springframework.beans.factory.support.AbstractAutowireCapableBeanFactory.doCreateBean(AbstractAutowireCapableBeanFactory.java:560)
	at org.springframework.beans.factory.support.AbstractAutowireCapableBeanFactory.createBean(AbstractAutowireCapableBeanFactory.java:520)
	at org.springframework.beans.factory.support.AbstractBeanFactory.lambda$doGetBean$0(AbstractBeanFactory.java:325)
	at org.springframework.beans.factory.support.DefaultSingletonBeanRegistry.getSingleton(DefaultSingletonBeanRegistry.java:234)
	at org.springframework.beans.factory.support.AbstractBeanFactory.doGetBean(AbstractBeanFactory.java:323)
	at org.springframework.beans.factory.support.AbstractBeanFactory.getBean(AbstractBeanFactory.java:199)
	at org.springframework.beans.factory.config.DependencyDescriptor.resolveCandidate(DependencyDescriptor.java:254)
	at org.springframework.beans.factory.support.DefaultListableBeanFactory.doResolveDependency(DefaultListableBeanFactory.java:1417)
	at org.springframework.beans.factory.support.DefaultListableBeanFactory.resolveDependency(DefaultListableBeanFactory.java:1337)
	at org.springframework.beans.factory.annotation.AutowiredAnnotationBeanPostProcessor$AutowiredFieldElement.resolveFieldValue(AutowiredAnnotationBeanPostProcessor.java:764)
	... 98 more
Caused by: org.springframework.beans.BeanInstantiationException: Failed to instantiate [org.springframework.security.authentication.AuthenticationManager]: Factory method 'authenticationManager' threw exception with message: Error creating bean with name 'daoAuthenticationProvider' defined in class path resource [com/jwt/example/config/SecurityConfig.class]: Failed to instantiate [org.springframework.security.authentication.dao.DaoAuthenticationProvider]: Factory method 'daoAuthenticationProvider' threw exception with message: Stack overflow during pattern compilation near index 15
\A\$2(a|y|b)?\$(\d\d)\$[./0-9A-Za-z]{53}
               ^
	at org.springframework.beans.factory.support.SimpleInstantiationStrategy.instantiate(SimpleInstantiationStrategy.java:171)
	at org.springframework.beans.factory.support.ConstructorResolver.instantiate(ConstructorResolver.java:650)
	... 111 more
Caused by: org.springframework.beans.factory.BeanCreationException: Error creating bean with name 'daoAuthenticationProvider' defined in class path resource [com/jwt/example/config/SecurityConfig.class]: Failed to instantiate [org.springframework.security.authentication.dao.DaoAuthenticationProvider]: Factory method 'daoAuthenticationProvider' threw exception with message: Stack overflow during pattern compilation near index 15
\A\$2(a|y|b)?\$(\d\d)\$[./0-9A-Za-z]{53}
               ^
	at org.springframework.beans.factory.support.ConstructorResolver.instantiate(ConstructorResolver.java:654)
	at org.springframework.beans.factory.support.ConstructorResolver.instantiateUsingFactoryMethod(ConstructorResolver.java:488)
	at org.springframework.beans.factory.support.AbstractAutowireCapableBeanFactory.instantiateUsingFactoryMethod(AbstractAutowireCapableBeanFactory.java:1332)
	at org.springframework.beans.factory.support.AbstractAutowireCapableBeanFactory.createBeanInstance(AbstractAutowireCapableBeanFactory.java:1162)
	at org.springframework.beans.factory.support.AbstractAutowireCapableBeanFactory.doCreateBean(AbstractAutowireCapableBeanFactory.java:560)
	at org.springframework.beans.factory.support.AbstractAutowireCapableBeanFactory.createBean(AbstractAutowireCapableBeanFactory.java:520)
	at org.springframework.beans.factory.support.AbstractBeanFactory.lambda$doGetBean$0(AbstractBeanFactory.java:325)
	at org.springframework.beans.factory.support.DefaultSingletonBeanRegistry.getSingleton(DefaultSingletonBeanRegistry.java:234)
	at org.springframework.beans.factory.support.AbstractBeanFactory.doGetBean(AbstractBeanFactory.java:323)
	at org.springframework.beans.factory.support.AbstractBeanFactory.getBean(AbstractBeanFactory.java:204)
	at org.springframework.context.support.AbstractApplicationContext.getBean(AbstractApplicationContext.java:1164)
	at org.springframework.security.config.annotation.authentication.configuration.InitializeAuthenticationProviderBeanManagerConfigurer$InitializeAuthenticationProviderManagerConfigurer.getBeanOrNull(InitializeAuthenticationProviderBeanManagerConfigurer.java:74)
	at org.springframework.security.config.annotation.authentication.configuration.InitializeAuthenticationProviderBeanManagerConfigurer$InitializeAuthenticationProviderManagerConfigurer.configure(InitializeAuthenticationProviderBeanManagerConfigurer.java:57)
	at org.springframework.security.config.annotation.authentication.configuration.InitializeAuthenticationProviderBeanManagerConfigurer$InitializeAuthenticationProviderManagerConfigurer.configure(InitializeAuthenticationProviderBeanManagerConfigurer.java:50)
	at org.springframework.security.config.annotation.AbstractConfiguredSecurityBuilder.configure(AbstractConfiguredSecurityBuilder.java:355)
	at org.springframework.security.config.annotation.AbstractConfiguredSecurityBuilder.doBuild(AbstractConfiguredSecurityBuilder.java:309)
	at org.springframework.security.config.annotation.AbstractSecurityBuilder.build(AbstractSecurityBuilder.java:38)
	at org.springframework.security.config.annotation.authentication.configuration.AuthenticationConfiguration.getAuthenticationManager(AuthenticationConfiguration.java:121)
	at com.jwt.example.config.AppConfig.authenticationManager(AppConfig.java:43)
	at com.jwt.example.config.AppConfig$$SpringCGLIB$$0.CGLIB$authenticationManager$1(<generated>)
	at com.jwt.example.config.AppConfig$$SpringCGLIB$$2.invoke(<generated>)
	at org.springframework.cglib.proxy.MethodProxy.invokeSuper(MethodProxy.java:258)
	at org.springframework.context.annotation.ConfigurationClassEnhancer$BeanMethodInterceptor.intercept(ConfigurationClassEnhancer.java:331)
	at com.jwt.example.config.AppConfig$$SpringCGLIB$$0.authenticationManager(<generated>)
	at java.base/jdk.internal.reflect.DirectMethodHandleAccessor.invoke(DirectMethodHandleAccessor.java:104)
	at java.base/java.lang.reflect.Method.invoke(Method.java:577)
	at org.springframework.beans.factory.support.SimpleInstantiationStrategy.instantiate(SimpleInstantiationStrategy.java:139)
	... 112 more
Caused by: org.springframework.beans.BeanInstantiationException: Failed to instantiate [org.springframework.security.authentication.dao.DaoAuthenticationProvider]: Factory method 'daoAuthenticationProvider' threw exception with message: Stack overflow during pattern compilation near index 15
\A\$2(a|y|b)?\$(\d\d)\$[./0-9A-Za-z]{53}
               ^
	at org.springframework.beans.factory.support.SimpleInstantiationStrategy.instantiate(SimpleInstantiationStrategy.java:171)
	at org.springframework.beans.factory.support.ConstructorResolver.instantiate(ConstructorResolver.java:650)
	... 138 more
Caused by: java.util.regex.PatternSyntaxException: Stack overflow during pattern compilation near index 15
\A\$2(a|y|b)?\$(\d\d)\$[./0-9A-Za-z]{53}
               ^
	at java.base/java.util.regex.Pattern.error(Pattern.java:2038)
	at java.base/java.util.regex.Pattern.<init>(Pattern.java:1442)
	at java.base/java.util.regex.Pattern.compile(Pattern.java:1079)
	at org.springframework.security.crypto.bcrypt.BCryptPasswordEncoder.<init>(BCryptPasswordEncoder.java:38)
	at org.springframework.security.crypto.bcrypt.BCryptPasswordEncoder.<init>(BCryptPasswordEncoder.java:79)
	at org.springframework.security.crypto.bcrypt.BCryptPasswordEncoder.<init>(BCryptPasswordEncoder.java:56)
	at org.springframework.security.crypto.bcrypt.BCryptPasswordEncoder.<init>(BCryptPasswordEncoder.java:49)
	at org.springframework.security.crypto.factory.PasswordEncoderFactories.createDelegatingPasswordEncoder(PasswordEncoderFactories.java:75)
	at org.springframework.security.authentication.dao.DaoAuthenticationProvider.<init>(DaoAuthenticationProvider.java:64)
	at com.jwt.example.config.SecurityConfig.daoAuthenticationProvider(SecurityConfig.java:54)
	at com.jwt.example.config.SecurityConfig$$SpringCGLIB$$0.CGLIB$daoAuthenticationProvider$1(<generated>)
	at com.jwt.example.config.SecurityConfig$$SpringCGLIB$$2.invoke(<generated>)
	at org.springframework.cglib.proxy.MethodProxy.invokeSuper(MethodProxy.java:258)
	at org.springframework.context.annotation.ConfigurationClassEnhancer$BeanMethodInterceptor.intercept(ConfigurationClassEnhancer.java:331)
	at com.jwt.example.config.SecurityConfig$$SpringCGLIB$$0.daoAuthenticationProvider(<generated>)
	at com.jwt.example.config.SecurityConfig.daoAuthenticationProvider(SecurityConfig.java:57)
	at com.jwt.example.config.SecurityConfig$$SpringCGLIB$$0.CGLIB$daoAuthenticationProvider$1(<generated>)
	at com.jwt.example.config.SecurityConfig$$SpringCGLIB$$2.invoke(<generated>)
	at org.springframework.cglib.proxy.MethodProxy.invokeSuper(MethodProxy.java:258)
	at org.springframework.context.annotation.ConfigurationClassEnhancer$BeanMethodInterceptor.intercept(ConfigurationClassEnhancer.java:331)
	at com.jwt.example.config.SecurityConfig$$SpringCGLIB$$0.daoAuthenticationProvider(<generated>)
	at com.jwt.example.config.SecurityConfig.daoAuthenticationProvider(SecurityConfig.java:57)
	at com.jwt.example.config.SecurityConfig$$SpringCGLIB$$0.CGLIB$daoAuthenticationProvider$1(<generated>)
	at com.jwt.example.config.SecurityConfig$$SpringCGLIB$$2.invoke(<generated>)
	at org.springframework.cglib.proxy.MethodProxy.invokeSuper(MethodProxy.java:258)
	at org.springframework.context.annotation.ConfigurationClassEnhancer$BeanMethodInterceptor.intercept(ConfigurationClassEnhancer.java:331)
	at com.jwt.example.config.SecurityConfig$$SpringCGLIB$$0.daoAuthenticationProvider(<generated>)
	at com.jwt.example.config.SecurityConfig.daoAuthenticationProvider(SecurityConfig.java:57)
	at com.jwt.example.config.SecurityConfig$$SpringCGLIB$$0.CGLIB$daoAuthenticationProvider$1(<generated>)
	at com.jwt.example.config.SecurityConfig$$SpringCGLIB$$2.invoke(<generated>)
	at org.springframework.cglib.proxy.MethodProxy.invokeSuper(MethodProxy.java:258)
	at org.springframework.context.annotation.ConfigurationClassEnhancer$BeanMethodInterceptor.intercept(ConfigurationClassEnhancer.java:331)
	at com.jwt.example.config.SecurityConfig$$SpringCGLIB$$0.daoAuthenticationProvider(<generated>)
	at com.jwt.example.config.SecurityConfig.daoAuthenticationProvider(SecurityConfig.java:57)
	at com.jwt.example.config.SecurityConfig$$SpringCGLIB$$0.CGLIB$daoAuthenticationProvider$1(<generated>)
	at com.jwt.example.config.SecurityConfig$$SpringCGLIB$$2.invoke(<generated>)
	at org.springframework.cglib.proxy.MethodProxy.invokeSuper(MethodProxy.java:258)
	at org.springframework.context.annotation.ConfigurationClassEnhancer$BeanMethodInterceptor.intercept(ConfigurationClassEnhancer.java:331)
	at com.jwt.example.config.SecurityConfig$$SpringCGLIB$$0.daoAuthenticationProvider(<generated>)
	at com.jwt.example.config.SecurityConfig.daoAuthenticationProvider(SecurityConfig.java:57)
	at com.jwt.example.config.SecurityConfig$$SpringCGLIB$$0.CGLIB$daoAuthenticationProvider$1(<generated>)
	at com.jwt.example.config.SecurityConfig$$SpringCGLIB$$2.invoke(<generated>)
	at org.springframework.cglib.proxy.MethodProxy.invokeSuper(MethodProxy.java:258)
	at org.springframework.context.annotation.ConfigurationClassEnhancer$BeanMethodInterceptor.intercept(ConfigurationClassEnhancer.java:331)
	at com.jwt.example.config.SecurityConfig$$SpringCGLIB$$0.daoAuthenticationProvider(<generated>)
	at com.jwt.example.config.SecurityConfig.daoAuthenticationProvider(SecurityConfig.java:57)
	at com.jwt.example.config.SecurityConfig$$SpringCGLIB$$0.CGLIB$daoAuthenticationProvider$1(<generated>)
	at com.jwt.example.config.SecurityConfig$$SpringCGLIB$$2.invoke(<generated>)
	at org.springframework.cglib.proxy.MethodProxy.invokeSuper(MethodProxy.java:258)
	at org.springframework.context.annotation.ConfigurationClassEnhancer$BeanMethodInterceptor.intercept(ConfigurationClassEnhancer.java:331)
	at com.jwt.example.config.SecurityConfig$$SpringCGLIB$$0.daoAuthenticationProvider(<generated>)
	at com.jwt.example.config.SecurityConfig.daoAuthenticationProvider(SecurityConfig.java:57)
	at com.jwt.example.config.SecurityConfig$$SpringCGLIB$$0.CGLIB$daoAuthenticationProvider$1(<generated>)
	at com.jwt.example.config.SecurityConfig$$SpringCGLIB$$2.invoke(<generated>)
	at org.springframework.cglib.proxy.MethodProxy.invokeSuper(MethodProxy.java:258)
	at org.springframework.context.annotation.ConfigurationClassEnhancer$BeanMethodInterceptor.intercept(ConfigurationClassEnhancer.java:331)
	at com.jwt.example.config.SecurityConfig$$SpringCGLIB$$0.daoAuthenticationProvider(<generated>)
	at com.jwt.example.config.SecurityConfig.daoAuthenticationProvider(SecurityConfig.java:57)
	at com.jwt.example.config.SecurityConfig$$SpringCGLIB$$0.CGLIB$daoAuthenticationProvider$1(<generated>)
	at com.jwt.example.config.SecurityConfig$$SpringCGLIB$$2.invoke(<generated>)
	at org.springframework.cglib.proxy.MethodProxy.invokeSuper(MethodProxy.java:258)
	at org.springframework.context.annotation.ConfigurationClassEnhancer$BeanMethodInterceptor.intercept(ConfigurationClassEnhancer.java:331)
	at com.jwt.example.config.SecurityConfig$$SpringCGLIB$$0.daoAuthenticationProvider(<generated>)
	at com.jwt.example.config.SecurityConfig.daoAuthenticationProvider(SecurityConfig.java:57)
	at com.jwt.example.config.SecurityConfig$$SpringCGLIB$$0.CGLIB$daoAuthenticationProvider$1(<generated>)
	at com.jwt.example.config.SecurityConfig$$SpringCGLIB$$2.invoke(<generated>)
	at org.springframework.cglib.proxy.MethodProxy.invokeSuper(MethodProxy.java:258)
	at org.springframework.context.annotation.ConfigurationClassEnhancer$BeanMethodInterceptor.intercept(ConfigurationClassEnhancer.java:331)
	at com.jwt.example.config.SecurityConfig$$SpringCGLIB$$0.daoAuthenticationProvider(<generated>)
	at com.jwt.example.config.SecurityConfig.daoAuthenticationProvider(SecurityConfig.java:57)
	at com.jwt.example.config.SecurityConfig$$SpringCGLIB$$0.CGLIB$daoAuthenticationProvider$1(<generated>)
	at com.jwt.example.config.SecurityConfig$$SpringCGLIB$$2.invoke(<generated>)
	at org.springframework.cglib.proxy.MethodProxy.invokeSuper(MethodProxy.java:258)
	at org.springframework.context.annotation.ConfigurationClassEnhancer$BeanMethodInterceptor.intercept(ConfigurationClassEnhancer.java:331)
	at com.jwt.example.config.SecurityConfig$$SpringCGLIB$$0.daoAuthenticationProvider(<generated>)
	at com.jwt.example.config.SecurityConfig.daoAuthenticationProvider(SecurityConfig.java:57)
	at com.jwt.example.config.SecurityConfig$$SpringCGLIB$$0.CGLIB$daoAuthenticationProvider$1(<generated>)
	at com.jwt.example.config.SecurityConfig$$SpringCGLIB$$2.invoke(<generated>)
	at org.springframework.cglib.proxy.MethodProxy.invokeSuper(MethodProxy.java:258)
	at org.springframework.context.annotation.ConfigurationClassEnhancer$BeanMethodInterceptor.intercept(ConfigurationClassEnhancer.java:331)
	at com.jwt.example.config.SecurityConfig$$SpringCGLIB$$0.daoAuthenticationProvider(<generated>)
	at com.jwt.example.config.SecurityConfig.daoAuthenticationProvider(SecurityConfig.java:57)
	at com.jwt.example.config.SecurityConfig$$SpringCGLIB$$0.CGLIB$daoAuthenticationProvider$1(<generated>)
	at com.jwt.example.config.SecurityConfig$$SpringCGLIB$$2.invoke(<generated>)
	at org.springframework.cglib.proxy.MethodProxy.invokeSuper(MethodProxy.java:258)
	at org.springframework.context.annotation.ConfigurationClassEnhancer$BeanMethodInterceptor.intercept(ConfigurationClassEnhancer.java:331)
	at com.jwt.example.config.SecurityConfig$$SpringCGLIB$$0.daoAuthenticationProvider(<generated>)
	at com.jwt.example.config.SecurityConfig.daoAuthenticationProvider(SecurityConfig.java:57)
	at com.jwt.example.config.SecurityConfig$$SpringCGLIB$$0.CGLIB$daoAuthenticationProvider$1(<generated>)
	at com.jwt.example.config.SecurityConfig$$SpringCGLIB$$2.invoke(<generated>)
	at org.springframework.cglib.proxy.MethodProxy.invokeSuper(MethodProxy.java:258)
	at org.springframework.context.annotation.ConfigurationClassEnhancer$BeanMethodInterceptor.intercept(ConfigurationClassEnhancer.java:331)
	at com.jwt.example.config.SecurityConfig$$SpringCGLIB$$0.daoAuthenticationProvider(<generated>)
	at com.jwt.example.config.SecurityConfig.daoAuthenticationProvider(SecurityConfig.java:57)
	at com.jwt.example.config.SecurityConfig$$SpringCGLIB$$0.CGLIB$daoAuthenticationProvider$1(<generated>)
	at com.jwt.example.config.SecurityConfig$$SpringCGLIB$$2.invoke(<generated>)
	at org.springframework.cglib.proxy.MethodProxy.invokeSuper(MethodProxy.java:258)
	at org.springframework.context.annotation.ConfigurationClassEnhancer$BeanMethodInterceptor.intercept(ConfigurationClassEnhancer.java:331)
	at com.jwt.example.config.SecurityConfig$$SpringCGLIB$$0.daoAuthenticationProvider(<generated>)
	at com.jwt.example.config.SecurityConfig.daoAuthenticationProvider(SecurityConfig.java:57)
	at com.jwt.example.config.SecurityConfig$$SpringCGLIB$$0.CGLIB$daoAuthenticationProvider$1(<generated>)
	at com.jwt.example.config.SecurityConfig$$SpringCGLIB$$2.invoke(<generated>)
	at org.springframework.cglib.proxy.MethodProxy.invokeSuper(MethodProxy.java:258)
	at org.springframework.context.annotation.ConfigurationClassEnhancer$BeanMethodInterceptor.intercept(ConfigurationClassEnhancer.java:331)
	at com.jwt.example.config.SecurityConfig$$SpringCGLIB$$0.daoAuthenticationProvider(<generated>)
	at com.jwt.example.config.SecurityConfig.daoAuthenticationProvider(SecurityConfig.java:57)
	at com.jwt.example.config.SecurityConfig$$SpringCGLIB$$0.CGLIB$daoAuthenticationProvider$1(<generated>)
	at com.jwt.example.config.SecurityConfig$$SpringCGLIB$$2.invoke(<generated>)
	at org.springframework.cglib.proxy.MethodProxy.invokeSuper(MethodProxy.java:258)
	at org.springframework.context.annotation.ConfigurationClassEnhancer$BeanMethodInterceptor.intercept(ConfigurationClassEnhancer.java:331)
	at com.jwt.example.config.SecurityConfig$$SpringCGLIB$$0.daoAuthenticationProvider(<generated>)
	at com.jwt.example.config.SecurityConfig.daoAuthenticationProvider(SecurityConfig.java:57)
	at com.jwt.example.config.SecurityConfig$$SpringCGLIB$$0.CGLIB$daoAuthenticationProvider$1(<generated>)
	at com.jwt.example.config.SecurityConfig$$SpringCGLIB$$2.invoke(<generated>)
	at org.springframework.cglib.proxy.MethodProxy.invokeSuper(MethodProxy.java:258)
	at org.springframework.context.annotation.ConfigurationClassEnhancer$BeanMethodInterceptor.intercept(ConfigurationClassEnhancer.java:331)
	at com.jwt.example.config.SecurityConfig$$SpringCGLIB$$0.daoAuthenticationProvider(<generated>)
	at com.jwt.example.config.SecurityConfig.daoAuthenticationProvider(SecurityConfig.java:57)
	at com.jwt.example.config.SecurityConfig$$SpringCGLIB$$0.CGLIB$daoAuthenticationProvider$1(<generated>)
	at com.jwt.example.config.SecurityConfig$$SpringCGLIB$$2.invoke(<generated>)
	at org.springframework.cglib.proxy.MethodProxy.invokeSuper(MethodProxy.java:258)
	at org.springframework.context.annotation.ConfigurationClassEnhancer$BeanMethodInterceptor.intercept(ConfigurationClassEnhancer.java:331)
	at com.jwt.example.config.SecurityConfig$$SpringCGLIB$$0.daoAuthenticationProvider(<generated>)
	at com.jwt.example.config.SecurityConfig.daoAuthenticationProvider(SecurityConfig.java:57)
	at com.jwt.example.config.SecurityConfig$$SpringCGLIB$$0.CGLIB$daoAuthenticationProvider$1(<generated>)
	at com.jwt.example.config.SecurityConfig$$SpringCGLIB$$2.invoke(<generated>)
	at org.springframework.cglib.proxy.MethodProxy.invokeSuper(MethodProxy.java:258)
	at org.springframework.context.annotation.ConfigurationClassEnhancer$BeanMethodInterceptor.intercept(ConfigurationClassEnhancer.java:331)
	at com.jwt.example.config.SecurityConfig$$SpringCGLIB$$0.daoAuthenticationProvider(<generated>)
	at com.jwt.example.config.SecurityConfig.daoAuthenticationProvider(SecurityConfig.java:57)
	at com.jwt.example.config.SecurityConfig$$SpringCGLIB$$0.CGLIB$daoAuthenticationProvider$1(<generated>)
	at com.jwt.example.config.SecurityConfig$$SpringCGLIB$$2.invoke(<generated>)
	at org.springframework.cglib.proxy.MethodProxy.invokeSuper(MethodProxy.java:258)
	at org.springframework.context.annotation.ConfigurationClassEnhancer$BeanMethodInterceptor.intercept(ConfigurationClassEnhancer.java:331)
	at com.jwt.example.config.SecurityConfig$$SpringCGLIB$$0.daoAuthenticationProvider(<generated>)
	at com.jwt.example.config.SecurityConfig.daoAuthenticationProvider(SecurityConfig.java:57)
	at com.jwt.example.config.SecurityConfig$$SpringCGLIB$$0.CGLIB$daoAuthenticationProvider$1(<generated>)
	at com.jwt.example.config.SecurityConfig$$SpringCGLIB$$2.invoke(<generated>)
	at org.springframework.cglib.proxy.MethodProxy.invokeSuper(MethodProxy.java:258)
	at org.springframework.context.annotation.ConfigurationClassEnhancer$BeanMethodInterceptor.intercept(ConfigurationClassEnhancer.java:331)
	at com.jwt.example.config.SecurityConfig$$SpringCGLIB$$0.daoAuthenticationProvider(<generated>)
	at com.jwt.example.config.SecurityConfig.daoAuthenticationProvider(SecurityConfig.java:57)
	at com.jwt.example.config.SecurityConfig$$SpringCGLIB$$0.CGLIB$daoAuthenticationProvider$1(<generated>)
	at com.jwt.example.config.SecurityConfig$$SpringCGLIB$$2.invoke(<generated>)
	at org.springframework.cglib.proxy.MethodProxy.invokeSuper(MethodProxy.java:258)
	at org.springframework.context.annotation.ConfigurationClassEnhancer$BeanMethodInterceptor.intercept(ConfigurationClassEnhancer.java:331)
	at com.jwt.example.config.SecurityConfig$$SpringCGLIB$$0.daoAuthenticationProvider(<generated>)
	at com.jwt.example.config.SecurityConfig.daoAuthenticationProvider(SecurityConfig.java:57)
	at com.jwt.example.config.SecurityConfig$$SpringCGLIB$$0.CGLIB$daoAuthenticationProvider$1(<generated>)
	at com.jwt.example.config.SecurityConfig$$SpringCGLIB$$2.invoke(<generated>)
	at org.springframework.cglib.proxy.MethodProxy.invokeSuper(MethodProxy.java:258)
	at org.springframework.context.annotation.ConfigurationClassEnhancer$BeanMethodInterceptor.intercept(ConfigurationClassEnhancer.java:331)
	at com.jwt.example.config.SecurityConfig$$SpringCGLIB$$0.daoAuthenticationProvider(<generated>)
	at com.jwt.example.config.SecurityConfig.daoAuthenticationProvider(SecurityConfig.java:57)
	at com.jwt.example.config.SecurityConfig$$SpringCGLIB$$0.CGLIB$daoAuthenticationProvider$1(<generated>)
	at com.jwt.example.config.SecurityConfig$$SpringCGLIB$$2.invoke(<generated>)
	at org.springframework.cglib.proxy.MethodProxy.invokeSuper(MethodProxy.java:258)
	at org.springframework.context.annotation.ConfigurationClassEnhancer$BeanMethodInterceptor.intercept(ConfigurationClassEnhancer.java:331)
	at com.jwt.example.config.SecurityConfig$$SpringCGLIB$$0.daoAuthenticationProvider(<generated>)
	at com.jwt.example.config.SecurityConfig.daoAuthenticationProvider(SecurityConfig.java:57)
	at com.jwt.example.config.SecurityConfig$$SpringCGLIB$$0.CGLIB$daoAuthenticationProvider$1(<generated>)
	at com.jwt.example.config.SecurityConfig$$SpringCGLIB$$2.invoke(<generated>)
	at org.springframework.cglib.proxy.MethodProxy.invokeSuper(MethodProxy.java:258)
	at org.springframework.context.annotation.ConfigurationClassEnhancer$BeanMethodInterceptor.intercept(ConfigurationClassEnhancer.java:331)
	at com.jwt.example.config.SecurityConfig$$SpringCGLIB$$0.daoAuthenticationProvider(<generated>)
	at com.jwt.example.config.SecurityConfig.daoAuthenticationProvider(SecurityConfig.java:57)
	at com.jwt.example.config.SecurityConfig$$SpringCGLIB$$0.CGLIB$daoAuthenticationProvider$1(<generated>)
	at com.jwt.example.config.SecurityConfig$$SpringCGLIB$$2.invoke(<generated>)
	at org.springframework.cglib.proxy.MethodProxy.invokeSuper(MethodProxy.java:258)
	at org.springframework.context.annotation.ConfigurationClassEnhancer$BeanMethodInterceptor.intercept(ConfigurationClassEnhancer.java:331)
	at com.jwt.example.config.SecurityConfig$$SpringCGLIB$$0.daoAuthenticationProvider(<generated>)
	at com.jwt.example.config.SecurityConfig.daoAuthenticationProvider(SecurityConfig.java:57)
	at com.jwt.example.config.SecurityConfig$$SpringCGLIB$$0.CGLIB$daoAuthenticationProvider$1(<generated>)
	at com.jwt.example.config.SecurityConfig$$SpringCGLIB$$2.invoke(<generated>)
	at org.springframework.cglib.proxy.MethodProxy.invokeSuper(MethodProxy.java:258)
	at org.springframework.context.annotation.ConfigurationClassEnhancer$BeanMethodInterceptor.intercept(ConfigurationClassEnhancer.java:331)
	at com.jwt.example.config.SecurityConfig$$SpringCGLIB$$0.daoAuthenticationProvider(<generated>)
	at com.jwt.example.config.SecurityConfig.daoAuthenticationProvider(SecurityConfig.java:57)
	at com.jwt.example.config.SecurityConfig$$SpringCGLIB$$0.CGLIB$daoAuthenticationProvider$1(<generated>)
	at com.jwt.example.config.SecurityConfig$$SpringCGLIB$$2.invoke(<generated>)
	at org.springframework.cglib.proxy.MethodProxy.invokeSuper(MethodProxy.java:258)
	at org.springframework.context.annotation.ConfigurationClassEnhancer$BeanMethodInterceptor.intercept(ConfigurationClassEnhancer.java:331)
	at com.jwt.example.config.SecurityConfig$$SpringCGLIB$$0.daoAuthenticationProvider(<generated>)
	at com.jwt.example.config.SecurityConfig.daoAuthenticationProvider(SecurityConfig.java:57)
	at com.jwt.example.config.SecurityConfig$$SpringCGLIB$$0.CGLIB$daoAuthenticationProvider$1(<generated>)
	at com.jwt.example.config.SecurityConfig$$SpringCGLIB$$2.invoke(<generated>)
	at org.springframework.cglib.proxy.MethodProxy.invokeSuper(MethodProxy.java:258)
	at org.springframework.context.annotation.ConfigurationClassEnhancer$BeanMethodInterceptor.intercept(ConfigurationClassEnhancer.java:331)
	at com.jwt.example.config.SecurityConfig$$SpringCGLIB$$0.daoAuthenticationProvider(<generated>)
	at com.jwt.example.config.SecurityConfig.daoAuthenticationProvider(SecurityConfig.java:57)
	at com.jwt.example.config.SecurityConfig$$SpringCGLIB$$0.CGLIB$daoAuthenticationProvider$1(<generated>)
	at com.jwt.example.config.SecurityConfig$$SpringCGLIB$$2.invoke(<generated>)
	at org.springframework.cglib.proxy.MethodProxy.invokeSuper(MethodProxy.java:258)
	at org.springframework.context.annotation.ConfigurationClassEnhancer$BeanMethodInterceptor.intercept(ConfigurationClassEnhancer.java:331)
	at com.jwt.example.config.SecurityConfig$$SpringCGLIB$$0.daoAuthenticationProvider(<generated>)
	at com.jwt.example.config.SecurityConfig.daoAuthenticationProvider(SecurityConfig.java:57)
	at com.jwt.example.config.SecurityConfig$$SpringCGLIB$$0.CGLIB$daoAuthenticationProvider$1(<generated>)
	at com.jwt.example.config.SecurityConfig$$SpringCGLIB$$2.invoke(<generated>)
	at org.springframework.cglib.proxy.MethodProxy.invokeSuper(MethodProxy.java:258)
	at org.springframework.context.annotation.ConfigurationClassEnhancer$BeanMethodInterceptor.intercept(ConfigurationClassEnhancer.java:331)
	at com.jwt.example.config.SecurityConfig$$SpringCGLIB$$0.daoAuthenticationProvider(<generated>)
	at com.jwt.example.config.SecurityConfig.daoAuthenticationProvider(SecurityConfig.java:57)
	at com.jwt.example.config.SecurityConfig$$SpringCGLIB$$0.CGLIB$daoAuthenticationProvider$1(<generated>)
	at com.jwt.example.config.SecurityConfig$$SpringCGLIB$$2.invoke(<generated>)
	at org.springframework.cglib.proxy.MethodProxy.invokeSuper(MethodProxy.java:258)
	at org.springframework.context.annotation.ConfigurationClassEnhancer$BeanMethodInterceptor.intercept(ConfigurationClassEnhancer.java:331)
	at com.jwt.example.config.SecurityConfig$$SpringCGLIB$$0.daoAuthenticationProvider(<generated>)
	at com.jwt.example.config.SecurityConfig.daoAuthenticationProvider(SecurityConfig.java:57)
	at com.jwt.example.config.SecurityConfig$$SpringCGLIB$$0.CGLIB$daoAuthenticationProvider$1(<generated>)
	at com.jwt.example.config.SecurityConfig$$SpringCGLIB$$2.invoke(<generated>)
	at org.springframework.cglib.proxy.MethodProxy.invokeSuper(MethodProxy.java:258)
	at org.springframework.context.annotation.ConfigurationClassEnhancer$BeanMethodInterceptor.intercept(ConfigurationClassEnhancer.java:331)
	at com.jwt.example.config.SecurityConfig$$SpringCGLIB$$0.daoAuthenticationProvider(<generated>)
	at com.jwt.example.config.SecurityConfig.daoAuthenticationProvider(SecurityConfig.java:57)
	at com.jwt.example.config.SecurityConfig$$SpringCGLIB$$0.CGLIB$daoAuthenticationProvider$1(<generated>)
	at com.jwt.example.config.SecurityConfig$$SpringCGLIB$$2.invoke(<generated>)
	at org.springframework.cglib.proxy.MethodProxy.invokeSuper(MethodProxy.java:258)
	at org.springframework.context.annotation.ConfigurationClassEnhancer$BeanMethodInterceptor.intercept(ConfigurationClassEnhancer.java:331)
	at com.jwt.example.config.SecurityConfig$$SpringCGLIB$$0.daoAuthenticationProvider(<generated>)
	at com.jwt.example.config.SecurityConfig.daoAuthenticationProvider(SecurityConfig.java:57)
	at com.jwt.example.config.SecurityConfig$$SpringCGLIB$$0.CGLIB$daoAuthenticationProvider$1(<generated>)
	at com.jwt.example.config.SecurityConfig$$SpringCGLIB$$2.invoke(<generated>)
	at org.springframework.cglib.proxy.MethodProxy.invokeSuper(MethodProxy.java:258)
	at org.springframework.context.annotation.ConfigurationClassEnhancer$BeanMethodInterceptor.intercept(ConfigurationClassEnhancer.java:331)
	at com.jwt.example.config.SecurityConfig$$SpringCGLIB$$0.daoAuthenticationProvider(<generated>)
	at com.jwt.example.config.SecurityConfig.daoAuthenticationProvider(SecurityConfig.java:57)
	at com.jwt.example.config.SecurityConfig$$SpringCGLIB$$0.CGLIB$daoAuthenticationProvider$1(<generated>)
	at com.jwt.example.config.SecurityConfig$$SpringCGLIB$$2.invoke(<generated>)
	at org.springframework.cglib.proxy.MethodProxy.invokeSuper(MethodProxy.java:258)
	at org.springframework.context.annotation.ConfigurationClassEnhancer$BeanMethodInterceptor.intercept(ConfigurationClassEnhancer.java:331)
	at com.jwt.example.config.SecurityConfig$$SpringCGLIB$$0.daoAuthenticationProvider(<generated>)
	at com.jwt.example.config.SecurityConfig.daoAuthenticationProvider(SecurityConfig.java:57)
	at com.jwt.example.config.SecurityConfig$$SpringCGLIB$$0.CGLIB$daoAuthenticationProvider$1(<generated>)
	at com.jwt.example.config.SecurityConfig$$SpringCGLIB$$2.invoke(<generated>)
	at org.springframework.cglib.proxy.MethodProxy.invokeSuper(MethodProxy.java:258)
	at org.springframework.context.annotation.ConfigurationClassEnhancer$BeanMethodInterceptor.intercept(ConfigurationClassEnhancer.java:331)
	at com.jwt.example.config.SecurityConfig$$SpringCGLIB$$0.daoAuthenticationProvider(<generated>)
	at com.jwt.example.config.SecurityConfig.daoAuthenticationProvider(SecurityConfig.java:57)
	at com.jwt.example.config.SecurityConfig$$SpringCGLIB$$0.CGLIB$daoAuthenticationProvider$1(<generated>)
	at com.jwt.example.config.SecurityConfig$$SpringCGLIB$$2.invoke(<generated>)
	at org.springframework.cglib.proxy.MethodProxy.invokeSuper(MethodProxy.java:258)
	at org.springframework.context.annotation.ConfigurationClassEnhancer$BeanMethodInterceptor.intercept(ConfigurationClassEnhancer.java:331)
	at com.jwt.example.config.SecurityConfig$$SpringCGLIB$$0.daoAuthenticationProvider(<generated>)
	at com.jwt.example.config.SecurityConfig.daoAuthenticationProvider(SecurityConfig.java:57)
	at com.jwt.example.config.SecurityConfig$$SpringCGLIB$$0.CGLIB$daoAuthenticationProvider$1(<generated>)
	at com.jwt.example.config.SecurityConfig$$SpringCGLIB$$2.invoke(<generated>)
	at org.springframework.cglib.proxy.MethodProxy.invokeSuper(MethodProxy.java:258)
	at org.springframework.context.annotation.ConfigurationClassEnhancer$BeanMethodInterceptor.intercept(ConfigurationClassEnhancer.java:331)
	at com.jwt.example.config.SecurityConfig$$SpringCGLIB$$0.daoAuthenticationProvider(<generated>)
	at com.jwt.example.config.SecurityConfig.daoAuthenticationProvider(SecurityConfig.java:57)
	at com.jwt.example.config.SecurityConfig$$SpringCGLIB$$0.CGLIB$daoAuthenticationProvider$1(<generated>)
	at com.jwt.example.config.SecurityConfig$$SpringCGLIB$$2.invoke(<generated>)
	at org.springframework.cglib.proxy.MethodProxy.invokeSuper(MethodProxy.java:258)
	at org.springframework.context.annotation.ConfigurationClassEnhancer$BeanMethodInterceptor.intercept(ConfigurationClassEnhancer.java:331)
	at com.jwt.example.config.SecurityConfig$$SpringCGLIB$$0.daoAuthenticationProvider(<generated>)
	at com.jwt.example.config.SecurityConfig.daoAuthenticationProvider(SecurityConfig.java:57)
	at com.jwt.example.config.SecurityConfig$$SpringCGLIB$$0.CGLIB$daoAuthenticationProvider$1(<generated>)
	at com.jwt.example.config.SecurityConfig$$SpringCGLIB$$2.invoke(<generated>)
	at org.springframework.cglib.proxy.MethodProxy.invokeSuper(MethodProxy.java:258)
	at org.springframework.context.annotation.ConfigurationClassEnhancer$BeanMethodInterceptor.intercept(ConfigurationClassEnhancer.java:331)
	at com.jwt.example.config.SecurityConfig$$SpringCGLIB$$0.daoAuthenticationProvider(<generated>)
	at com.jwt.example.config.SecurityConfig.daoAuthenticationProvider(SecurityConfig.java:57)
	at com.jwt.example.config.SecurityConfig$$SpringCGLIB$$0.CGLIB$daoAuthenticationProvider$1(<generated>)
	at com.jwt.example.config.SecurityConfig$$SpringCGLIB$$2.invoke(<generated>)
	at org.springframework.cglib.proxy.MethodProxy.invokeSuper(MethodProxy.java:258)
	at org.springframework.context.annotation.ConfigurationClassEnhancer$BeanMethodInterceptor.intercept(ConfigurationClassEnhancer.java:331)
	at com.jwt.example.config.SecurityConfig$$SpringCGLIB$$0.daoAuthenticationProvider(<generated>)
	at com.jwt.example.config.SecurityConfig.daoAuthenticationProvider(SecurityConfig.java:57)
	at com.jwt.example.config.SecurityConfig$$SpringCGLIB$$0.CGLIB$daoAuthenticationProvider$1(<generated>)
	at com.jwt.example.config.SecurityConfig$$SpringCGLIB$$2.invoke(<generated>)
	at org.springframework.cglib.proxy.MethodProxy.invokeSuper(MethodProxy.java:258)
	at org.springframework.context.annotation.ConfigurationClassEnhancer$BeanMethodInterceptor.intercept(ConfigurationClassEnhancer.java:331)
	at com.jwt.example.config.SecurityConfig$$SpringCGLIB$$0.daoAuthenticationProvider(<generated>)
	at com.jwt.example.config.SecurityConfig.daoAuthenticationProvider(SecurityConfig.java:57)
	at com.jwt.example.config.SecurityConfig$$SpringCGLIB$$0.CGLIB$daoAuthenticationProvider$1(<generated>)
	at com.jwt.example.config.SecurityConfig$$SpringCGLIB$$2.invoke(<generated>)
	at org.springframework.cglib.proxy.MethodProxy.invokeSuper(MethodProxy.java:258)
	at org.springframework.context.annotation.ConfigurationClassEnhancer$BeanMethodInterceptor.intercept(ConfigurationClassEnhancer.java:331)
	at com.jwt.example.config.SecurityConfig$$SpringCGLIB$$0.daoAuthenticationProvider(<generated>)
	at com.jwt.example.config.SecurityConfig.daoAuthenticationProvider(SecurityConfig.java:57)
	at com.jwt.example.config.SecurityConfig$$SpringCGLIB$$0.CGLIB$daoAuthenticationProvider$1(<generated>)
	at com.jwt.example.config.SecurityConfig$$SpringCGLIB$$2.invoke(<generated>)
	at org.springframework.cglib.proxy.MethodProxy.invokeSuper(MethodProxy.java:258)
	at org.springframework.context.annotation.ConfigurationClassEnhancer$BeanMethodInterceptor.intercept(ConfigurationClassEnhancer.java:331)
	at com.jwt.example.config.SecurityConfig$$SpringCGLIB$$0.daoAuthenticationProvider(<generated>)
	at com.jwt.example.config.SecurityConfig.daoAuthenticationProvider(SecurityConfig.java:57)
	at com.jwt.example.config.SecurityConfig$$SpringCGLIB$$0.CGLIB$daoAuthenticationProvider$1(<generated>)
	at com.jwt.example.config.SecurityConfig$$SpringCGLIB$$2.invoke(<generated>)
	at org.springframework.cglib.proxy.MethodProxy.invokeSuper(MethodProxy.java:258)
	at org.springframework.context.annotation.ConfigurationClassEnhancer$BeanMethodInterceptor.intercept(ConfigurationClassEnhancer.java:331)
	at com.jwt.example.config.SecurityConfig$$SpringCGLIB$$0.daoAuthenticationProvider(<generated>)
	at com.jwt.example.config.SecurityConfig.daoAuthenticationProvider(SecurityConfig.java:57)
	at com.jwt.example.config.SecurityConfig$$SpringCGLIB$$0.CGLIB$daoAuthenticationProvider$1(<generated>)
	at com.jwt.example.config.SecurityConfig$$SpringCGLIB$$2.invoke(<generated>)
	at org.springframework.cglib.proxy.MethodProxy.invokeSuper(MethodProxy.java:258)
	at org.springframework.context.annotation.ConfigurationClassEnhancer$BeanMethodInterceptor.intercept(ConfigurationClassEnhancer.java:331)
	at com.jwt.example.config.SecurityConfig$$SpringCGLIB$$0.daoAuthenticationProvider(<generated>)
	at com.jwt.example.config.SecurityConfig.daoAuthenticationProvider(SecurityConfig.java:57)
	at com.jwt.example.config.SecurityConfig$$SpringCGLIB$$0.CGLIB$daoAuthenticationProvider$1(<generated>)
	at com.jwt.example.config.SecurityConfig$$SpringCGLIB$$2.invoke(<generated>)
	at org.springframework.cglib.proxy.MethodProxy.invokeSuper(MethodProxy.java:258)
	at org.springframework.context.annotation.ConfigurationClassEnhancer$BeanMethodInterceptor.intercept(ConfigurationClassEnhancer.java:331)
	at com.jwt.example.config.SecurityConfig$$SpringCGLIB$$0.daoAuthenticationProvider(<generated>)
	at com.jwt.example.config.SecurityConfig.daoAuthenticationProvider(SecurityConfig.java:57)
	at com.jwt.example.config.SecurityConfig$$SpringCGLIB$$0.CGLIB$daoAuthenticationProvider$1(<generated>)
	at com.jwt.example.config.SecurityConfig$$SpringCGLIB$$2.invoke(<generated>)
	at org.springframework.cglib.proxy.MethodProxy.invokeSuper(MethodProxy.java:258)
	at org.springframework.context.annotation.ConfigurationClassEnhancer$BeanMethodInterceptor.intercept(ConfigurationClassEnhancer.java:331)
	at com.jwt.example.config.SecurityConfig$$SpringCGLIB$$0.daoAuthenticationProvider(<generated>)
	at com.jwt.example.config.SecurityConfig.daoAuthenticationProvider(SecurityConfig.java:57)
	at com.jwt.example.config.SecurityConfig$$SpringCGLIB$$0.CGLIB$daoAuthenticationProvider$1(<generated>)
	at com.jwt.example.config.SecurityConfig$$SpringCGLIB$$2.invoke(<generated>)
	at org.springframework.cglib.proxy.MethodProxy.invokeSuper(MethodProxy.java:258)
	at org.springframework.context.annotation.ConfigurationClassEnhancer$BeanMethodInterceptor.intercept(ConfigurationClassEnhancer.java:331)
	at com.jwt.example.config.SecurityConfig$$SpringCGLIB$$0.daoAuthenticationProvider(<generated>)
	at com.jwt.example.config.SecurityConfig.daoAuthenticationProvider(SecurityConfig.java:57)
	at com.jwt.example.config.SecurityConfig$$SpringCGLIB$$0.CGLIB$daoAuthenticationProvider$1(<generated>)
	at com.jwt.example.config.SecurityConfig$$SpringCGLIB$$2.invoke(<generated>)
	at org.springframework.cglib.proxy.MethodProxy.invokeSuper(MethodProxy.java:258)
	at org.springframework.context.annotation.ConfigurationClassEnhancer$BeanMethodInterceptor.intercept(ConfigurationClassEnhancer.java:331)
	at com.jwt.example.config.SecurityConfig$$SpringCGLIB$$0.daoAuthenticationProvider(<generated>)
	at com.jwt.example.config.SecurityConfig.daoAuthenticationProvider(SecurityConfig.java:57)
	at com.jwt.example.config.SecurityConfig$$SpringCGLIB$$0.CGLIB$daoAuthenticationProvider$1(<generated>)
	at com.jwt.example.config.SecurityConfig$$SpringCGLIB$$2.invoke(<generated>)
	at org.springframework.cglib.proxy.MethodProxy.invokeSuper(MethodProxy.java:258)
	at org.springframework.context.annotation.ConfigurationClassEnhancer$BeanMethodInterceptor.intercept(ConfigurationClassEnhancer.java:331)
	at com.jwt.example.config.SecurityConfig$$SpringCGLIB$$0.daoAuthenticationProvider(<generated>)
	at com.jwt.example.config.SecurityConfig.daoAuthenticationProvider(SecurityConfig.java:57)
	at com.jwt.example.config.SecurityConfig$$SpringCGLIB$$0.CGLIB$daoAuthenticationProvider$1(<generated>)
	at com.jwt.example.config.SecurityConfig$$SpringCGLIB$$2.invoke(<generated>)
	at org.springframework.cglib.proxy.MethodProxy.invokeSuper(MethodProxy.java:258)
	at org.springframework.context.annotation.ConfigurationClassEnhancer$BeanMethodInterceptor.intercept(ConfigurationClassEnhancer.java:331)
	at com.jwt.example.config.SecurityConfig$$SpringCGLIB$$0.daoAuthenticationProvider(<generated>)
	at com.jwt.example.config.SecurityConfig.daoAuthenticationProvider(SecurityConfig.java:57)
	at com.jwt.example.config.SecurityConfig$$SpringCGLIB$$0.CGLIB$daoAuthenticationProvider$1(<generated>)
	at com.jwt.example.config.SecurityConfig$$SpringCGLIB$$2.invoke(<generated>)
	at org.springframework.cglib.proxy.MethodProxy.invokeSuper(MethodProxy.java:258)
	at org.springframework.context.annotation.ConfigurationClassEnhancer$BeanMethodInterceptor.intercept(ConfigurationClassEnhancer.java:331)
	at com.jwt.example.config.SecurityConfig$$SpringCGLIB$$0.daoAuthenticationProvider(<generated>)
	at com.jwt.example.config.SecurityConfig.daoAuthenticationProvider(SecurityConfig.java:57)
	at com.jwt.example.config.SecurityConfig$$SpringCGLIB$$0.CGLIB$daoAuthenticationProvider$1(<generated>)
	at com.jwt.example.config.SecurityConfig$$SpringCGLIB$$2.invoke(<generated>)
	at org.springframework.cglib.proxy.MethodProxy.invokeSuper(MethodProxy.java:258)
	at org.springframework.context.annotation.ConfigurationClassEnhancer$BeanMethodInterceptor.intercept(ConfigurationClassEnhancer.java:331)
	at com.jwt.example.config.SecurityConfig$$SpringCGLIB$$0.daoAuthenticationProvider(<generated>)
	at com.jwt.example.config.SecurityConfig.daoAuthenticationProvider(SecurityConfig.java:57)
	at com.jwt.example.config.SecurityConfig$$SpringCGLIB$$0.CGLIB$daoAuthenticationProvider$1(<generated>)
	at com.jwt.example.config.SecurityConfig$$SpringCGLIB$$2.invoke(<generated>)
	at org.springframework.cglib.proxy.MethodProxy.invokeSuper(MethodProxy.java:258)
	at org.springframework.context.annotation.ConfigurationClassEnhancer$BeanMethodInterceptor.intercept(ConfigurationClassEnhancer.java:331)
	at com.jwt.example.config.SecurityConfig$$SpringCGLIB$$0.daoAuthenticationProvider(<generated>)
	at com.jwt.example.config.SecurityConfig.daoAuthenticationProvider(SecurityConfig.java:57)
	at com.jwt.example.config.SecurityConfig$$SpringCGLIB$$0.CGLIB$daoAuthenticationProvider$1(<generated>)
	at com.jwt.example.config.SecurityConfig$$SpringCGLIB$$2.invoke(<generated>)
	at org.springframework.cglib.proxy.MethodProxy.invokeSuper(MethodProxy.java:258)
	at org.springframework.context.annotation.ConfigurationClassEnhancer$BeanMethodInterceptor.intercept(ConfigurationClassEnhancer.java:331)
	at com.jwt.example.config.SecurityConfig$$SpringCGLIB$$0.daoAuthenticationProvider(<generated>)
	at com.jwt.example.config.SecurityConfig.daoAuthenticationProvider(SecurityConfig.java:57)
	at com.jwt.example.config.SecurityConfig$$SpringCGLIB$$0.CGLIB$daoAuthenticationProvider$1(<generated>)
	at com.jwt.example.config.SecurityConfig$$SpringCGLIB$$2.invoke(<generated>)
	at org.springframework.cglib.proxy.MethodProxy.invokeSuper(MethodProxy.java:258)
	at org.springframework.context.annotation.ConfigurationClassEnhancer$BeanMethodInterceptor.intercept(ConfigurationClassEnhancer.java:331)
	at com.jwt.example.config.SecurityConfig$$SpringCGLIB$$0.daoAuthenticationProvider(<generated>)
	at com.jwt.example.config.SecurityConfig.daoAuthenticationProvider(SecurityConfig.java:57)
	at com.jwt.example.config.SecurityConfig$$SpringCGLIB$$0.CGLIB$daoAuthenticationProvider$1(<generated>)
	at com.jwt.example.config.SecurityConfig$$SpringCGLIB$$2.invoke(<generated>)
	at org.springframework.cglib.proxy.MethodProxy.invokeSuper(MethodProxy.java:258)
	at org.springframework.context.annotation.ConfigurationClassEnhancer$BeanMethodInterceptor.intercept(ConfigurationClassEnhancer.java:331)
	at com.jwt.example.config.SecurityConfig$$SpringCGLIB$$0.daoAuthenticationProvider(<generated>)
	at com.jwt.example.config.SecurityConfig.daoAuthenticationProvider(SecurityConfig.java:57)
	at com.jwt.example.config.SecurityConfig$$SpringCGLIB$$0.CGLIB$daoAuthenticationProvider$1(<generated>)
	at com.jwt.example.config.SecurityConfig$$SpringCGLIB$$2.invoke(<generated>)
	at org.springframework.cglib.proxy.MethodProxy.invokeSuper(MethodProxy.java:258)
	at org.springframework.context.annotation.ConfigurationClassEnhancer$BeanMethodInterceptor.intercept(ConfigurationClassEnhancer.java:331)
	at com.jwt.example.config.SecurityConfig$$SpringCGLIB$$0.daoAuthenticationProvider(<generated>)
	at com.jwt.example.config.SecurityConfig.daoAuthenticationProvider(SecurityConfig.java:57)
	at com.jwt.example.config.SecurityConfig$$SpringCGLIB$$0.CGLIB$daoAuthenticationProvider$1(<generated>)
	at com.jwt.example.config.SecurityConfig$$SpringCGLIB$$2.invoke(<generated>)
	at org.springframework.cglib.proxy.MethodProxy.invokeSuper(MethodProxy.java:258)
	at org.springframework.context.annotation.ConfigurationClassEnhancer$BeanMethodInterceptor.intercept(ConfigurationClassEnhancer.java:331)
	at com.jwt.example.config.SecurityConfig$$SpringCGLIB$$0.daoAuthenticationProvider(<generated>)
	at com.jwt.example.config.SecurityConfig.daoAuthenticationProvider(SecurityConfig.java:57)
	at com.jwt.example.config.SecurityConfig$$SpringCGLIB$$0.CGLIB$daoAuthenticationProvider$1(<generated>)
	at com.jwt.example.config.SecurityConfig$$SpringCGLIB$$2.invoke(<generated>)
	at org.springframework.cglib.proxy.MethodProxy.invokeSuper(MethodProxy.java:258)
	at org.springframework.context.annotation.ConfigurationClassEnhancer$BeanMethodInterceptor.intercept(ConfigurationClassEnhancer.java:331)
	at com.jwt.example.config.SecurityConfig$$SpringCGLIB$$0.daoAuthenticationProvider(<generated>)
	at com.jwt.example.config.SecurityConfig.daoAuthenticationProvider(SecurityConfig.java:57)
	at com.jwt.example.config.SecurityConfig$$SpringCGLIB$$0.CGLIB$daoAuthenticationProvider$1(<generated>)
	at com.jwt.example.config.SecurityConfig$$SpringCGLIB$$2.invoke(<generated>)
	at org.springframework.cglib.proxy.MethodProxy.invokeSuper(MethodProxy.java:258)
	at org.springframework.context.annotation.ConfigurationClassEnhancer$BeanMethodInterceptor.intercept(ConfigurationClassEnhancer.java:331)
	at com.jwt.example.config.SecurityConfig$$SpringCGLIB$$0.daoAuthenticationProvider(<generated>)
	at com.jwt.example.config.SecurityConfig.daoAuthenticationProvider(SecurityConfig.java:57)
	at com.jwt.example.config.SecurityConfig$$SpringCGLIB$$0.CGLIB$daoAuthenticationProvider$1(<generated>)
	at com.jwt.example.config.SecurityConfig$$SpringCGLIB$$2.invoke(<generated>)
	at org.springframework.cglib.proxy.MethodProxy.invokeSuper(MethodProxy.java:258)
	at org.springframework.context.annotation.ConfigurationClassEnhancer$BeanMethodInterceptor.intercept(ConfigurationClassEnhancer.java:331)
	at com.jwt.example.config.SecurityConfig$$SpringCGLIB$$0.daoAuthenticationProvider(<generated>)
	at com.jwt.example.config.SecurityConfig.daoAuthenticationProvider(SecurityConfig.java:57)
	at com.jwt.example.config.SecurityConfig$$SpringCGLIB$$0.CGLIB$daoAuthenticationProvider$1(<generated>)
	at com.jwt.example.config.SecurityConfig$$SpringCGLIB$$2.invoke(<generated>)
	at org.springframework.cglib.proxy.MethodProxy.invokeSuper(MethodProxy.java:258)
	at org.springframework.context.annotation.ConfigurationClassEnhancer$BeanMethodInterceptor.intercept(ConfigurationClassEnhancer.java:331)
	at com.jwt.example.config.SecurityConfig$$SpringCGLIB$$0.daoAuthenticationProvider(<generated>)
	at com.jwt.example.config.SecurityConfig.daoAuthenticationProvider(SecurityConfig.java:57)
	at com.jwt.example.config.SecurityConfig$$SpringCGLIB$$0.CGLIB$daoAuthenticationProvider$1(<generated>)
	at com.jwt.example.config.SecurityConfig$$SpringCGLIB$$2.invoke(<generated>)
	at org.springframework.cglib.proxy.MethodProxy.invokeSuper(MethodProxy.java:258)
	at org.springframework.context.annotation.ConfigurationClassEnhancer$BeanMethodInterceptor.intercept(ConfigurationClassEnhancer.java:331)
	at com.jwt.example.config.SecurityConfig$$SpringCGLIB$$0.daoAuthenticationProvider(<generated>)
	at com.jwt.example.config.SecurityConfig.daoAuthenticationProvider(SecurityConfig.java:57)
	at com.jwt.example.config.SecurityConfig$$SpringCGLIB$$0.CGLIB$daoAuthenticationProvider$1(<generated>)
	at com.jwt.example.config.SecurityConfig$$SpringCGLIB$$2.invoke(<generated>)
	at org.springframework.cglib.proxy.MethodProxy.invokeSuper(MethodProxy.java:258)
	at org.springframework.context.annotation.ConfigurationClassEnhancer$BeanMethodInterceptor.intercept(ConfigurationClassEnhancer.java:331)
	at com.jwt.example.config.SecurityConfig$$SpringCGLIB$$0.daoAuthenticationProvider(<generated>)
	at com.jwt.example.config.SecurityConfig.daoAuthenticationProvider(SecurityConfig.java:57)
	at com.jwt.example.config.SecurityConfig$$SpringCGLIB$$0.CGLIB$daoAuthenticationProvider$1(<generated>)
	at com.jwt.example.config.SecurityConfig$$SpringCGLIB$$2.invoke(<generated>)
	at org.springframework.cglib.proxy.MethodProxy.invokeSuper(MethodProxy.java:258)
	at org.springframework.context.annotation.ConfigurationClassEnhancer$BeanMethodInterceptor.intercept(ConfigurationClassEnhancer.java:331)
	at com.jwt.example.config.SecurityConfig$$SpringCGLIB$$0.daoAuthenticationProvider(<generated>)
	at com.jwt.example.config.SecurityConfig.daoAuthenticationProvider(SecurityConfig.java:57)
	at com.jwt.example.config.SecurityConfig$$SpringCGLIB$$0.CGLIB$daoAuthenticationProvider$1(<generated>)
	at com.jwt.example.config.SecurityConfig$$SpringCGLIB$$2.invoke(<generated>)
	at org.springframework.cglib.proxy.MethodProxy.invokeSuper(MethodProxy.java:258)
	at org.springframework.context.annotation.ConfigurationClassEnhancer$BeanMethodInterceptor.intercept(ConfigurationClassEnhancer.java:331)
	at com.jwt.example.config.SecurityConfig$$SpringCGLIB$$0.daoAuthenticationProvider(<generated>)
	at com.jwt.example.config.SecurityConfig.daoAuthenticationProvider(SecurityConfig.java:57)
	at com.jwt.example.config.SecurityConfig$$SpringCGLIB$$0.CGLIB$daoAuthenticationProvider$1(<generated>)
	at com.jwt.example.config.SecurityConfig$$SpringCGLIB$$2.invoke(<generated>)
	at org.springframework.cglib.proxy.MethodProxy.invokeSuper(MethodProxy.java:258)
	at org.springframework.context.annotation.ConfigurationClassEnhancer$BeanMethodInterceptor.intercept(ConfigurationClassEnhancer.java:331)
	at com.jwt.example.config.SecurityConfig$$SpringCGLIB$$0.daoAuthenticationProvider(<generated>)
	at com.jwt.example.config.SecurityConfig.daoAuthenticationProvider(SecurityConfig.java:57)
	at com.jwt.example.config.SecurityConfig$$SpringCGLIB$$0.CGLIB$daoAuthenticationProvider$1(<generated>)
	at com.jwt.example.config.SecurityConfig$$SpringCGLIB$$2.invoke(<generated>)
	at org.springframework.cglib.proxy.MethodProxy.invokeSuper(MethodProxy.java:258)
	at org.springframework.context.annotation.ConfigurationClassEnhancer$BeanMethodInterceptor.intercept(ConfigurationClassEnhancer.java:331)
	at com.jwt.example.config.SecurityConfig$$SpringCGLIB$$0.daoAuthenticationProvider(<generated>)
	at com.jwt.example.config.SecurityConfig.daoAuthenticationProvider(SecurityConfig.java:57)
	at com.jwt.example.config.SecurityConfig$$SpringCGLIB$$0.CGLIB$daoAuthenticationProvider$1(<generated>)
	at com.jwt.example.config.SecurityConfig$$SpringCGLIB$$2.invoke(<generated>)
	at org.springframework.cglib.proxy.MethodProxy.invokeSuper(MethodProxy.java:258)
	at org.springframework.context.annotation.ConfigurationClassEnhancer$BeanMethodInterceptor.intercept(ConfigurationClassEnhancer.java:331)
	at com.jwt.example.config.SecurityConfig$$SpringCGLIB$$0.daoAuthenticationProvider(<generated>)
	at com.jwt.example.config.SecurityConfig.daoAuthenticationProvider(SecurityConfig.java:57)
	at com.jwt.example.config.SecurityConfig$$SpringCGLIB$$0.CGLIB$daoAuthenticationProvider$1(<generated>)
	at com.jwt.example.config.SecurityConfig$$SpringCGLIB$$2.invoke(<generated>)
	at org.springframework.cglib.proxy.MethodProxy.invokeSuper(MethodProxy.java:258)
	at org.springframework.context.annotation.ConfigurationClassEnhancer$BeanMethodInterceptor.intercept(ConfigurationClassEnhancer.java:331)
	at com.jwt.example.config.SecurityConfig$$SpringCGLIB$$0.daoAuthenticationProvider(<generated>)
	at com.jwt.example.config.SecurityConfig.daoAuthenticationProvider(SecurityConfig.java:57)
	at com.jwt.example.config.SecurityConfig$$SpringCGLIB$$0.CGLIB$daoAuthenticationProvider$1(<generated>)
	at com.jwt.example.config.SecurityConfig$$SpringCGLIB$$2.invoke(<generated>)
	at org.springframework.cglib.proxy.MethodProxy.invokeSuper(MethodProxy.java:258)
	at org.springframework.context.annotation.ConfigurationClassEnhancer$BeanMethodInterceptor.intercept(ConfigurationClassEnhancer.java:331)
	at com.jwt.example.config.SecurityConfig$$SpringCGLIB$$0.daoAuthenticationProvider(<generated>)
	at com.jwt.example.config.SecurityConfig.daoAuthenticationProvider(SecurityConfig.java:57)
	at com.jwt.example.config.SecurityConfig$$SpringCGLIB$$0.CGLIB$daoAuthenticationProvider$1(<generated>)
	at com.jwt.example.config.SecurityConfig$$SpringCGLIB$$2.invoke(<generated>)
	at org.springframework.cglib.proxy.MethodProxy.invokeSuper(MethodProxy.java:258)
	at org.springframework.context.annotation.ConfigurationClassEnhancer$BeanMethodInterceptor.intercept(ConfigurationClassEnhancer.java:331)
	at com.jwt.example.config.SecurityConfig$$SpringCGLIB$$0.daoAuthenticationProvider(<generated>)
	at com.jwt.example.config.SecurityConfig.daoAuthenticationProvider(SecurityConfig.java:57)
	at com.jwt.example.config.SecurityConfig$$SpringCGLIB$$0.CGLIB$daoAuthenticationProvider$1(<generated>)
	at com.jwt.example.config.SecurityConfig$$SpringCGLIB$$2.invoke(<generated>)
	at org.springframework.cglib.proxy.MethodProxy.invokeSuper(MethodProxy.java:258)
	at org.springframework.context.annotation.ConfigurationClassEnhancer$BeanMethodInterceptor.intercept(ConfigurationClassEnhancer.java:331)
	at com.jwt.example.config.SecurityConfig$$SpringCGLIB$$0.daoAuthenticationProvider(<generated>)
	at com.jwt.example.config.SecurityConfig.daoAuthenticationProvider(SecurityConfig.java:57)
	at com.jwt.example.config.SecurityConfig$$SpringCGLIB$$0.CGLIB$daoAuthenticationProvider$1(<generated>)
	at com.jwt.example.config.SecurityConfig$$SpringCGLIB$$2.invoke(<generated>)
	at org.springframework.cglib.proxy.MethodProxy.invokeSuper(MethodProxy.java:258)
	at org.springframework.context.annotation.ConfigurationClassEnhancer$BeanMethodInterceptor.intercept(ConfigurationClassEnhancer.java:331)
	at com.jwt.example.config.SecurityConfig$$SpringCGLIB$$0.daoAuthenticationProvider(<generated>)
	at com.jwt.example.config.SecurityConfig.daoAuthenticationProvider(SecurityConfig.java:57)
	at com.jwt.example.config.SecurityConfig$$SpringCGLIB$$0.CGLIB$daoAuthenticationProvider$1(<generated>)
	at com.jwt.example.config.SecurityConfig$$SpringCGLIB$$2.invoke(<generated>)
	at org.springframework.cglib.proxy.MethodProxy.invokeSuper(MethodProxy.java:258)
	at org.springframework.context.annotation.ConfigurationClassEnhancer$BeanMethodInterceptor.intercept(ConfigurationClassEnhancer.java:331)
	at com.jwt.example.config.SecurityConfig$$SpringCGLIB$$0.daoAuthenticationProvider(<generated>)
	at com.jwt.example.config.SecurityConfig.daoAuthenticationProvider(SecurityConfig.java:57)
	at com.jwt.example.config.SecurityConfig$$SpringCGLIB$$0.CGLIB$daoAuthenticationProvider$1(<generated>)
	at com.jwt.example.config.SecurityConfig$$SpringCGLIB$$2.invoke(<generated>)
	at org.springframework.cglib.proxy.MethodProxy.invokeSuper(MethodProxy.java:258)
	at org.springframework.context.annotation.ConfigurationClassEnhancer$BeanMethodInterceptor.intercept(ConfigurationClassEnhancer.java:331)
	at com.jwt.example.config.SecurityConfig$$SpringCGLIB$$0.daoAuthenticationProvider(<generated>)
	at com.jwt.example.config.SecurityConfig.daoAuthenticationProvider(SecurityConfig.java:57)
	at com.jwt.example.config.SecurityConfig$$SpringCGLIB$$0.CGLIB$daoAuthenticationProvider$1(<generated>)
	at com.jwt.example.config.SecurityConfig$$SpringCGLIB$$2.invoke(<generated>)
	at org.springframework.cglib.proxy.MethodProxy.invokeSuper(MethodProxy.java:258)
	at org.springframework.context.annotation.ConfigurationClassEnhancer$BeanMethodInterceptor.intercept(ConfigurationClassEnhancer.java:331)
	at com.jwt.example.config.SecurityConfig$$SpringCGLIB$$0.daoAuthenticationProvider(<generated>)
	at com.jwt.example.config.SecurityConfig.daoAuthenticationProvider(SecurityConfig.java:57)
	at com.jwt.example.config.SecurityConfig$$SpringCGLIB$$0.CGLIB$daoAuthenticationProvider$1(<generated>)
	at com.jwt.example.config.SecurityConfig$$SpringCGLIB$$2.invoke(<generated>)
	at org.springframework.cglib.proxy.MethodProxy.invokeSuper(MethodProxy.java:258)
	at org.springframework.context.annotation.ConfigurationClassEnhancer$BeanMethodInterceptor.intercept(ConfigurationClassEnhancer.java:331)
	at com.jwt.example.config.SecurityConfig$$SpringCGLIB$$0.daoAuthenticationProvider(<generated>)
	at com.jwt.example.config.SecurityConfig.daoAuthenticationProvider(SecurityConfig.java:57)
	at com.jwt.example.config.SecurityConfig$$SpringCGLIB$$0.CGLIB$daoAuthenticationProvider$1(<generated>)
	at com.jwt.example.config.SecurityConfig$$SpringCGLIB$$2.invoke(<generated>)
	at org.springframework.cglib.proxy.MethodProxy.invokeSuper(MethodProxy.java:258)
	at org.springframework.context.annotation.ConfigurationClassEnhancer$BeanMethodInterceptor.intercept(ConfigurationClassEnhancer.java:331)
	at com.jwt.example.config.SecurityConfig$$SpringCGLIB$$0.daoAuthenticationProvider(<generated>)
	at com.jwt.example.config.SecurityConfig.daoAuthenticationProvider(SecurityConfig.java:57)
	at com.jwt.example.config.SecurityConfig$$SpringCGLIB$$0.CGLIB$daoAuthenticationProvider$1(<generated>)
	at com.jwt.example.config.SecurityConfig$$SpringCGLIB$$2.invoke(<generated>)
	at org.springframework.cglib.proxy.MethodProxy.invokeSuper(MethodProxy.java:258)
	at org.springframework.context.annotation.ConfigurationClassEnhancer$BeanMethodInterceptor.intercept(ConfigurationClassEnhancer.java:331)
	at com.jwt.example.config.SecurityConfig$$SpringCGLIB$$0.daoAuthenticationProvider(<generated>)
	at com.jwt.example.config.SecurityConfig.daoAuthenticationProvider(SecurityConfig.java:57)
	at com.jwt.example.config.SecurityConfig$$SpringCGLIB$$0.CGLIB$daoAuthenticationProvider$1(<generated>)
	at com.jwt.example.config.SecurityConfig$$SpringCGLIB$$2.invoke(<generated>)
	at org.springframework.cglib.proxy.MethodProxy.invokeSuper(MethodProxy.java:258)
	at org.springframework.context.annotation.ConfigurationClassEnhancer$BeanMethodInterceptor.intercept(ConfigurationClassEnhancer.java:331)
	at com.jwt.example.config.SecurityConfig$$SpringCGLIB$$0.daoAuthenticationProvider(<generated>)
	at com.jwt.example.config.SecurityConfig.daoAuthenticationProvider(SecurityConfig.java:57)
	at com.jwt.example.config.SecurityConfig$$SpringCGLIB$$0.CGLIB$daoAuthenticationProvider$1(<generated>)
	at com.jwt.example.config.SecurityConfig$$SpringCGLIB$$2.invoke(<generated>)
	at org.springframework.cglib.proxy.MethodProxy.invokeSuper(MethodProxy.java:258)
	at org.springframework.context.annotation.ConfigurationClassEnhancer$BeanMethodInterceptor.intercept(ConfigurationClassEnhancer.java:331)
	at com.jwt.example.config.SecurityConfig$$SpringCGLIB$$0.daoAuthenticationProvider(<generated>)
	at com.jwt.example.config.SecurityConfig.daoAuthenticationProvider(SecurityConfig.java:57)
	at com.jwt.example.config.SecurityConfig$$SpringCGLIB$$0.CGLIB$daoAuthenticationProvider$1(<generated>)
	at com.jwt.example.config.SecurityConfig$$SpringCGLIB$$2.invoke(<generated>)
	at org.springframework.cglib.proxy.MethodProxy.invokeSuper(MethodProxy.java:258)
	at org.springframework.context.annotation.ConfigurationClassEnhancer$BeanMethodInterceptor.intercept(ConfigurationClassEnhancer.java:331)
	at com.jwt.example.config.SecurityConfig$$SpringCGLIB$$0.daoAuthenticationProvider(<generated>)
	at com.jwt.example.config.SecurityConfig.daoAuthenticationProvider(SecurityConfig.java:57)
	at com.jwt.example.config.SecurityConfig$$SpringCGLIB$$0.CGLIB$daoAuthenticationProvider$1(<generated>)
	at com.jwt.example.config.SecurityConfig$$SpringCGLIB$$2.invoke(<generated>)
	at org.springframework.cglib.proxy.MethodProxy.invokeSuper(MethodProxy.java:258)
	at org.springframework.context.annotation.ConfigurationClassEnhancer$BeanMethodInterceptor.intercept(ConfigurationClassEnhancer.java:331)
	at com.jwt.example.config.SecurityConfig$$SpringCGLIB$$0.daoAuthenticationProvider(<generated>)
	at com.jwt.example.config.SecurityConfig.daoAuthenticationProvider(SecurityConfig.java:57)
	at com.jwt.example.config.SecurityConfig$$SpringCGLIB$$0.CGLIB$daoAuthenticationProvider$1(<generated>)
	at com.jwt.example.config.SecurityConfig$$SpringCGLIB$$2.invoke(<generated>)
	at org.springframework.cglib.proxy.MethodProxy.invokeSuper(MethodProxy.java:258)
	at org.springframework.context.annotation.ConfigurationClassEnhancer$BeanMethodInterceptor.intercept(ConfigurationClassEnhancer.java:331)
	at com.jwt.example.config.SecurityConfig$$SpringCGLIB$$0.daoAuthenticationProvider(<generated>)
	at com.jwt.example.config.SecurityConfig.daoAuthenticationProvider(SecurityConfig.java:57)
	at com.jwt.example.config.SecurityConfig$$SpringCGLIB$$0.CGLIB$daoAuthenticationProvider$1(<generated>)
	at com.jwt.example.config.SecurityConfig$$SpringCGLIB$$2.invoke(<generated>)
	at org.springframework.cglib.proxy.MethodProxy.invokeSuper(MethodProxy.java:258)
	at org.springframework.context.annotation.ConfigurationClassEnhancer$BeanMethodInterceptor.intercept(ConfigurationClassEnhancer.java:331)
	at com.jwt.example.config.SecurityConfig$$SpringCGLIB$$0.daoAuthenticationProvider(<generated>)
	at com.jwt.example.config.SecurityConfig.daoAuthenticationProvider(SecurityConfig.java:57)
	at com.jwt.example.config.SecurityConfig$$SpringCGLIB$$0.CGLIB$daoAuthenticationProvider$1(<generated>)
	at com.jwt.example.config.SecurityConfig$$SpringCGLIB$$2.invoke(<generated>)
	at org.springframework.cglib.proxy.MethodProxy.invokeSuper(MethodProxy.java:258)
	at org.springframework.context.annotation.ConfigurationClassEnhancer$BeanMethodInterceptor.intercept(ConfigurationClassEnhancer.java:331)
	at com.jwt.example.config.SecurityConfig$$SpringCGLIB$$0.daoAuthenticationProvider(<generated>)
	at com.jwt.example.config.SecurityConfig.daoAuthenticationProvider(SecurityConfig.java:57)
	at com.jwt.example.config.SecurityConfig$$SpringCGLIB$$0.CGLIB$daoAuthenticationProvider$1(<generated>)
	at com.jwt.example.config.SecurityConfig$$SpringCGLIB$$2.invoke(<generated>)
	at org.springframework.cglib.proxy.MethodProxy.invokeSuper(MethodProxy.java:258)
	at org.springframework.context.annotation.ConfigurationClassEnhancer$BeanMethodInterceptor.intercept(ConfigurationClassEnhancer.java:331)
	at com.jwt.example.config.SecurityConfig$$SpringCGLIB$$0.daoAuthenticationProvider(<generated>)
	at com.jwt.example.config.SecurityConfig.daoAuthenticationProvider(SecurityConfig.java:57)
	at com.jwt.example.config.SecurityConfig$$SpringCGLIB$$0.CGLIB$daoAuthenticationProvider$1(<generated>)
	at com.jwt.example.config.SecurityConfig$$SpringCGLIB$$2.invoke(<generated>)
	at org.springframework.cglib.proxy.MethodProxy.invokeSuper(MethodProxy.java:258)
	at org.springframework.context.annotation.ConfigurationClassEnhancer$BeanMethodInterceptor.intercept(ConfigurationClassEnhancer.java:331)
	at com.jwt.example.config.SecurityConfig$$SpringCGLIB$$0.daoAuthenticationProvider(<generated>)
	at com.jwt.example.config.SecurityConfig.daoAuthenticationProvider(SecurityConfig.java:57)
	at com.jwt.example.config.SecurityConfig$$SpringCGLIB$$0.CGLIB$daoAuthenticationProvider$1(<generated>)
	at com.jwt.example.config.SecurityConfig$$SpringCGLIB$$2.invoke(<generated>)
	at org.springframework.cglib.proxy.MethodProxy.invokeSuper(MethodProxy.java:258)
	at org.springframework.context.annotation.ConfigurationClassEnhancer$BeanMethodInterceptor.intercept(ConfigurationClassEnhancer.java:331)
	at com.jwt.example.config.SecurityConfig$$SpringCGLIB$$0.daoAuthenticationProvider(<generated>)
	at com.jwt.example.config.SecurityConfig.daoAuthenticationProvider(SecurityConfig.java:57)
	at com.jwt.example.config.SecurityConfig$$SpringCGLIB$$0.CGLIB$daoAuthenticationProvider$1(<generated>)
	at com.jwt.example.config.SecurityConfig$$SpringCGLIB$$2.invoke(<generated>)
	at org.springframework.cglib.proxy.MethodProxy.invokeSuper(MethodProxy.java:258)
	at org.springframework.context.annotation.ConfigurationClassEnhancer$BeanMethodInterceptor.intercept(ConfigurationClassEnhancer.java:331)
	at com.jwt.example.config.SecurityConfig$$SpringCGLIB$$0.daoAuthenticationProvider(<generated>)
	at com.jwt.example.config.SecurityConfig.daoAuthenticationProvider(SecurityConfig.java:57)
	at com.jwt.example.config.SecurityConfig$$SpringCGLIB$$0.CGLIB$daoAuthenticationProvider$1(<generated>)
	at com.jwt.example.config.SecurityConfig$$SpringCGLIB$$2.invoke(<generated>)
	at org.springframework.cglib.proxy.MethodProxy.invokeSuper(MethodProxy.java:258)
	at org.springframework.context.annotation.ConfigurationClassEnhancer$BeanMethodInterceptor.intercept(ConfigurationClassEnhancer.java:331)
	at com.jwt.example.config.SecurityConfig$$SpringCGLIB$$0.daoAuthenticationProvider(<generated>)
[...]
	at org.springframework.cglib.proxy.MethodProxy.invokeSuper(MethodProxy.java:258)
	at org.springframework.context.annotation.ConfigurationClassEnhancer$BeanMethodInterceptor.intercept(ConfigurationClassEnhancer.java:331)
	at com.jwt.example.config.SecurityConfig$$SpringCGLIB$$0.daoAuthenticationProvider(<generated>)
	at com.jwt.example.config.SecurityConfig.daoAuthenticationProvider(SecurityConfig.java:57)
	at com.jwt.example.config.SecurityConfig$$SpringCGLIB$$0.CGLIB$daoAuthenticationProvider$1(<generated>)
	at com.jwt.example.config.SecurityConfig$$SpringCGLIB$$2.invoke(<generated>)
	at org.springframework.cglib.proxy.MethodProxy.invokeSuper(MethodProxy.java:258)
	at org.springframework.context.annotation.ConfigurationClassEnhancer$BeanMethodInterceptor.intercept(ConfigurationClassEnhancer.java:331)
	at com.jwt.example.config.SecurityConfig$$SpringCGLIB$$0.daoAuthenticationProvider(<generated>)
	at com.jwt.example.config.SecurityConfig.daoAuthenticationProvider(SecurityConfig.java:57)
	at com.jwt.example.config.SecurityConfig$$SpringCGLIB$$0.CGLIB$daoAuthenticationProvider$1(<generated>)
	at com.jwt.example.config.SecurityConfig$$SpringCGLIB$$2.invoke(<generated>)
	at org.springframework.cglib.proxy.MethodProxy.invokeSuper(MethodProxy.java:258)
	at org.springframework.context.annotation.ConfigurationClassEnhancer$BeanMethodInterceptor.intercept(ConfigurationClassEnhancer.java:331)
	at com.jwt.example.config.SecurityConfig$$SpringCGLIB$$0.daoAuthenticationProvider(<generated>)
	at com.jwt.example.config.SecurityConfig.daoAuthenticationProvider(SecurityConfig.java:57)
	at com.jwt.example.config.SecurityConfig$$SpringCGLIB$$0.CGLIB$daoAuthenticationProvider$1(<generated>)
	at com.jwt.example.config.SecurityConfig$$SpringCGLIB$$2.invoke(<generated>)
	at org.springframework.cglib.proxy.MethodProxy.invokeSuper(MethodProxy.java:258)
	at org.springframework.context.annotation.ConfigurationClassEnhancer$BeanMethodInterceptor.intercept(ConfigurationClassEnhancer.java:331)
	at com.jwt.example.config.SecurityConfig$$SpringCGLIB$$0.daoAuthenticationProvider(<generated>)
	at com.jwt.example.config.SecurityConfig.daoAuthenticationProvider(SecurityConfig.java:57)
	at com.jwt.example.config.SecurityConfig$$SpringCGLIB$$0.CGLIB$daoAuthenticationProvider$1(<generated>)
	at com.jwt.example.config.SecurityConfig$$SpringCGLIB$$2.invoke(<generated>)
	at org.springframework.cglib.proxy.MethodProxy.invokeSuper(MethodProxy.java:258)
	at org.springframework.context.annotation.ConfigurationClassEnhancer$BeanMethodInterceptor.intercept(ConfigurationClassEnhancer.java:331)
	at com.jwt.example.config.SecurityConfig$$SpringCGLIB$$0.daoAuthenticationProvider(<generated>)
	at com.jwt.example.config.SecurityConfig.daoAuthenticationProvider(SecurityConfig.java:57)
	at com.jwt.example.config.SecurityConfig$$SpringCGLIB$$0.CGLIB$daoAuthenticationProvider$1(<generated>)
	at com.jwt.example.config.SecurityConfig$$SpringCGLIB$$2.invoke(<generated>)
	at org.springframework.cglib.proxy.MethodProxy.invokeSuper(MethodProxy.java:258)
	at org.springframework.context.annotation.ConfigurationClassEnhancer$BeanMethodInterceptor.intercept(ConfigurationClassEnhancer.java:331)
	at com.jwt.example.config.SecurityConfig$$SpringCGLIB$$0.daoAuthenticationProvider(<generated>)
	at com.jwt.example.config.SecurityConfig.daoAuthenticationProvider(SecurityConfig.java:57)
	at com.jwt.example.config.SecurityConfig$$SpringCGLIB$$0.CGLIB$daoAuthenticationProvider$1(<generated>)
	at com.jwt.example.config.SecurityConfig$$SpringCGLIB$$2.invoke(<generated>)
	at org.springframework.cglib.proxy.MethodProxy.invokeSuper(MethodProxy.java:258)
	at org.springframework.context.annotation.ConfigurationClassEnhancer$BeanMethodInterceptor.intercept(ConfigurationClassEnhancer.java:331)
	at com.jwt.example.config.SecurityConfig$$SpringCGLIB$$0.daoAuthenticationProvider(<generated>)
	at com.jwt.example.config.SecurityConfig.daoAuthenticationProvider(SecurityConfig.java:57)
	at com.jwt.example.config.SecurityConfig$$SpringCGLIB$$0.CGLIB$daoAuthenticationProvider$1(<generated>)
	at com.jwt.example.config.SecurityConfig$$SpringCGLIB$$2.invoke(<generated>)
	at org.springframework.cglib.proxy.MethodProxy.invokeSuper(MethodProxy.java:258)
	at org.springframework.context.annotation.ConfigurationClassEnhancer$BeanMethodInterceptor.intercept(ConfigurationClassEnhancer.java:331)
	at com.jwt.example.config.SecurityConfig$$SpringCGLIB$$0.daoAuthenticationProvider(<generated>)
	at com.jwt.example.config.SecurityConfig.daoAuthenticationProvider(SecurityConfig.java:57)
	at com.jwt.example.config.SecurityConfig$$SpringCGLIB$$0.CGLIB$daoAuthenticationProvider$1(<generated>)
	at com.jwt.example.config.SecurityConfig$$SpringCGLIB$$2.invoke(<generated>)
	at org.springframework.cglib.proxy.MethodProxy.invokeSuper(MethodProxy.java:258)
	at org.springframework.context.annotation.ConfigurationClassEnhancer$BeanMethodInterceptor.intercept(ConfigurationClassEnhancer.java:331)
	at com.jwt.example.config.SecurityConfig$$SpringCGLIB$$0.daoAuthenticationProvider(<generated>)
	at com.jwt.example.config.SecurityConfig.daoAuthenticationProvider(SecurityConfig.java:57)
	at com.jwt.example.config.SecurityConfig$$SpringCGLIB$$0.CGLIB$daoAuthenticationProvider$1(<generated>)
	at com.jwt.example.config.SecurityConfig$$SpringCGLIB$$2.invoke(<generated>)
	at org.springframework.cglib.proxy.MethodProxy.invokeSuper(MethodProxy.java:258)
	at org.springframework.context.annotation.ConfigurationClassEnhancer$BeanMethodInterceptor.intercept(ConfigurationClassEnhancer.java:331)
	at com.jwt.example.config.SecurityConfig$$SpringCGLIB$$0.daoAuthenticationProvider(<generated>)
	at com.jwt.example.config.SecurityConfig.daoAuthenticationProvider(SecurityConfig.java:57)
	at com.jwt.example.config.SecurityConfig$$SpringCGLIB$$0.CGLIB$daoAuthenticationProvider$1(<generated>)
	at com.jwt.example.config.SecurityConfig$$SpringCGLIB$$2.invoke(<generated>)
	at org.springframework.cglib.proxy.MethodProxy.invokeSuper(MethodProxy.java:258)
	at org.springframework.context.annotation.ConfigurationClassEnhancer$BeanMethodInterceptor.intercept(ConfigurationClassEnhancer.java:331)
	at com.jwt.example.config.SecurityConfig$$SpringCGLIB$$0.daoAuthenticationProvider(<generated>)
	at com.jwt.example.config.SecurityConfig.daoAuthenticationProvider(SecurityConfig.java:57)
	at com.jwt.example.config.SecurityConfig$$SpringCGLIB$$0.CGLIB$daoAuthenticationProvider$1(<generated>)
	at com.jwt.example.config.SecurityConfig$$SpringCGLIB$$2.invoke(<generated>)
	at org.springframework.cglib.proxy.MethodProxy.invokeSuper(MethodProxy.java:258)
	at org.springframework.context.annotation.ConfigurationClassEnhancer$BeanMethodInterceptor.intercept(ConfigurationClassEnhancer.java:331)
	at com.jwt.example.config.SecurityConfig$$SpringCGLIB$$0.daoAuthenticationProvider(<generated>)
	at com.jwt.example.config.SecurityConfig.daoAuthenticationProvider(SecurityConfig.java:57)
	at com.jwt.example.config.SecurityConfig$$SpringCGLIB$$0.CGLIB$daoAuthenticationProvider$1(<generated>)
	at com.jwt.example.config.SecurityConfig$$SpringCGLIB$$2.invoke(<generated>)
	at org.springframework.cglib.proxy.MethodProxy.invokeSuper(MethodProxy.java:258)
	at org.springframework.context.annotation.ConfigurationClassEnhancer$BeanMethodInterceptor.intercept(ConfigurationClassEnhancer.java:331)
	at com.jwt.example.config.SecurityConfig$$SpringCGLIB$$0.daoAuthenticationProvider(<generated>)
	at com.jwt.example.config.SecurityConfig.daoAuthenticationProvider(SecurityConfig.java:57)
	at com.jwt.example.config.SecurityConfig$$SpringCGLIB$$0.CGLIB$daoAuthenticationProvider$1(<generated>)
	at com.jwt.example.config.SecurityConfig$$SpringCGLIB$$2.invoke(<generated>)
	at org.springframework.cglib.proxy.MethodProxy.invokeSuper(MethodProxy.java:258)
	at org.springframework.context.annotation.ConfigurationClassEnhancer$BeanMethodInterceptor.intercept(ConfigurationClassEnhancer.java:331)
	at com.jwt.example.config.SecurityConfig$$SpringCGLIB$$0.daoAuthenticationProvider(<generated>)
	at com.jwt.example.config.SecurityConfig.daoAuthenticationProvider(SecurityConfig.java:57)
	at com.jwt.example.config.SecurityConfig$$SpringCGLIB$$0.CGLIB$daoAuthenticationProvider$1(<generated>)
	at com.jwt.example.config.SecurityConfig$$SpringCGLIB$$2.invoke(<generated>)
	at org.springframework.cglib.proxy.MethodProxy.invokeSuper(MethodProxy.java:258)
	at org.springframework.context.annotation.ConfigurationClassEnhancer$BeanMethodInterceptor.intercept(ConfigurationClassEnhancer.java:331)
	at com.jwt.example.config.SecurityConfig$$SpringCGLIB$$0.daoAuthenticationProvider(<generated>)
	at com.jwt.example.config.SecurityConfig.daoAuthenticationProvider(SecurityConfig.java:57)
	at com.jwt.example.config.SecurityConfig$$SpringCGLIB$$0.CGLIB$daoAuthenticationProvider$1(<generated>)
	at com.jwt.example.config.SecurityConfig$$SpringCGLIB$$2.invoke(<generated>)
	at org.springframework.cglib.proxy.MethodProxy.invokeSuper(MethodProxy.java:258)
	at org.springframework.context.annotation.ConfigurationClassEnhancer$BeanMethodInterceptor.intercept(ConfigurationClassEnhancer.java:331)
	at com.jwt.example.config.SecurityConfig$$SpringCGLIB$$0.daoAuthenticationProvider(<generated>)
	at com.jwt.example.config.SecurityConfig.daoAuthenticationProvider(SecurityConfig.java:57)
	at com.jwt.example.config.SecurityConfig$$SpringCGLIB$$0.CGLIB$daoAuthenticationProvider$1(<generated>)
	at com.jwt.example.config.SecurityConfig$$SpringCGLIB$$2.invoke(<generated>)
	at org.springframework.cglib.proxy.MethodProxy.invokeSuper(MethodProxy.java:258)
	at org.springframework.context.annotation.ConfigurationClassEnhancer$BeanMethodInterceptor.intercept(ConfigurationClassEnhancer.java:331)
	at com.jwt.example.config.SecurityConfig$$SpringCGLIB$$0.daoAuthenticationProvider(<generated>)
	at com.jwt.example.config.SecurityConfig.daoAuthenticationProvider(SecurityConfig.java:57)
	at com.jwt.example.config.SecurityConfig$$SpringCGLIB$$0.CGLIB$daoAuthenticationProvider$1(<generated>)
	at com.jwt.example.config.SecurityConfig$$SpringCGLIB$$2.invoke(<generated>)
	at org.springframework.cglib.proxy.MethodProxy.invokeSuper(MethodProxy.java:258)
	at org.springframework.context.annotation.ConfigurationClassEnhancer$BeanMethodInterceptor.intercept(ConfigurationClassEnhancer.java:331)
	at com.jwt.example.config.SecurityConfig$$SpringCGLIB$$0.daoAuthenticationProvider(<generated>)
	at com.jwt.example.config.SecurityConfig.daoAuthenticationProvider(SecurityConfig.java:57)
	at com.jwt.example.config.SecurityConfig$$SpringCGLIB$$0.CGLIB$daoAuthenticationProvider$1(<generated>)
	at com.jwt.example.config.SecurityConfig$$SpringCGLIB$$2.invoke(<generated>)
	at org.springframework.cglib.proxy.MethodProxy.invokeSuper(MethodProxy.java:258)
	at org.springframework.context.annotation.ConfigurationClassEnhancer$BeanMethodInterceptor.intercept(ConfigurationClassEnhancer.java:331)
	at com.jwt.example.config.SecurityConfig$$SpringCGLIB$$0.daoAuthenticationProvider(<generated>)
	at com.jwt.example.config.SecurityConfig.daoAuthenticationProvider(SecurityConfig.java:57)
	at com.jwt.example.config.SecurityConfig$$SpringCGLIB$$0.CGLIB$daoAuthenticationProvider$1(<generated>)
	at com.jwt.example.config.SecurityConfig$$SpringCGLIB$$2.invoke(<generated>)
	at org.springframework.cglib.proxy.MethodProxy.invokeSuper(MethodProxy.java:258)
	at org.springframework.context.annotation.ConfigurationClassEnhancer$BeanMethodInterceptor.intercept(ConfigurationClassEnhancer.java:331)
	at com.jwt.example.config.SecurityConfig$$SpringCGLIB$$0.daoAuthenticationProvider(<generated>)
	at com.jwt.example.config.SecurityConfig.daoAuthenticationProvider(SecurityConfig.java:57)
	at com.jwt.example.config.SecurityConfig$$SpringCGLIB$$0.CGLIB$daoAuthenticationProvider$1(<generated>)
	at com.jwt.example.config.SecurityConfig$$SpringCGLIB$$2.invoke(<generated>)
	at org.springframework.cglib.proxy.MethodProxy.invokeSuper(MethodProxy.java:258)
	at org.springframework.context.annotation.ConfigurationClassEnhancer$BeanMethodInterceptor.intercept(ConfigurationClassEnhancer.java:331)
	at com.jwt.example.config.SecurityConfig$$SpringCGLIB$$0.daoAuthenticationProvider(<generated>)
	at com.jwt.example.config.SecurityConfig.daoAuthenticationProvider(SecurityConfig.java:57)
	at com.jwt.example.config.SecurityConfig$$SpringCGLIB$$0.CGLIB$daoAuthenticationProvider$1(<generated>)
	at com.jwt.example.config.SecurityConfig$$SpringCGLIB$$2.invoke(<generated>)
	at org.springframework.cglib.proxy.MethodProxy.invokeSuper(MethodProxy.java:258)
	at org.springframework.context.annotation.ConfigurationClassEnhancer$BeanMethodInterceptor.intercept(ConfigurationClassEnhancer.java:331)
	at com.jwt.example.config.SecurityConfig$$SpringCGLIB$$0.daoAuthenticationProvider(<generated>)
	at com.jwt.example.config.SecurityConfig.daoAuthenticationProvider(SecurityConfig.java:57)
	at com.jwt.example.config.SecurityConfig$$SpringCGLIB$$0.CGLIB$daoAuthenticationProvider$1(<generated>)
	at com.jwt.example.config.SecurityConfig$$SpringCGLIB$$2.invoke(<generated>)
	at org.springframework.cglib.proxy.MethodProxy.invokeSuper(MethodProxy.java:258)
	at org.springframework.context.annotation.ConfigurationClassEnhancer$BeanMethodInterceptor.intercept(ConfigurationClassEnhancer.java:331)
	at com.jwt.example.config.SecurityConfig$$SpringCGLIB$$0.daoAuthenticationProvider(<generated>)
	at com.jwt.example.config.SecurityConfig.daoAuthenticationProvider(SecurityConfig.java:57)
	at com.jwt.example.config.SecurityConfig$$SpringCGLIB$$0.CGLIB$daoAuthenticationProvider$1(<generated>)
	at com.jwt.example.config.SecurityConfig$$SpringCGLIB$$2.invoke(<generated>)
	at org.springframework.cglib.proxy.MethodProxy.invokeSuper(MethodProxy.java:258)
	at org.springframework.context.annotation.ConfigurationClassEnhancer$BeanMethodInterceptor.intercept(ConfigurationClassEnhancer.java:331)
	at com.jwt.example.config.SecurityConfig$$SpringCGLIB$$0.daoAuthenticationProvider(<generated>)
	at com.jwt.example.config.SecurityConfig.daoAuthenticationProvider(SecurityConfig.java:57)
	at com.jwt.example.config.SecurityConfig$$SpringCGLIB$$0.CGLIB$daoAuthenticationProvider$1(<generated>)
	at com.jwt.example.config.SecurityConfig$$SpringCGLIB$$2.invoke(<generated>)
	at org.springframework.cglib.proxy.MethodProxy.invokeSuper(MethodProxy.java:258)
	at org.springframework.context.annotation.ConfigurationClassEnhancer$BeanMethodInterceptor.intercept(ConfigurationClassEnhancer.java:331)
	at com.jwt.example.config.SecurityConfig$$SpringCGLIB$$0.daoAuthenticationProvider(<generated>)
	at com.jwt.example.config.SecurityConfig.daoAuthenticationProvider(SecurityConfig.java:57)
	at com.jwt.example.config.SecurityConfig$$SpringCGLIB$$0.CGLIB$daoAuthenticationProvider$1(<generated>)
	at com.jwt.example.config.SecurityConfig$$SpringCGLIB$$2.invoke(<generated>)
	at org.springframework.cglib.proxy.MethodProxy.invokeSuper(MethodProxy.java:258)
	at org.springframework.context.annotation.ConfigurationClassEnhancer$BeanMethodInterceptor.intercept(ConfigurationClassEnhancer.java:331)
	at com.jwt.example.config.SecurityConfig$$SpringCGLIB$$0.daoAuthenticationProvider(<generated>)
	at com.jwt.example.config.SecurityConfig.daoAuthenticationProvider(SecurityConfig.java:57)
	at com.jwt.example.config.SecurityConfig$$SpringCGLIB$$0.CGLIB$daoAuthenticationProvider$1(<generated>)
	at com.jwt.example.config.SecurityConfig$$SpringCGLIB$$2.invoke(<generated>)
	at org.springframework.cglib.proxy.MethodProxy.invokeSuper(MethodProxy.java:258)
	at org.springframework.context.annotation.ConfigurationClassEnhancer$BeanMethodInterceptor.intercept(ConfigurationClassEnhancer.java:331)
	at com.jwt.example.config.SecurityConfig$$SpringCGLIB$$0.daoAuthenticationProvider(<generated>)
	at com.jwt.example.config.SecurityConfig.daoAuthenticationProvider(SecurityConfig.java:57)
	at com.jwt.example.config.SecurityConfig$$SpringCGLIB$$0.CGLIB$daoAuthenticationProvider$1(<generated>)
	at com.jwt.example.config.SecurityConfig$$SpringCGLIB$$2.invoke(<generated>)
	at org.springframework.cglib.proxy.MethodProxy.invokeSuper(MethodProxy.java:258)
	at org.springframework.context.annotation.ConfigurationClassEnhancer$BeanMethodInterceptor.intercept(ConfigurationClassEnhancer.java:331)
	at com.jwt.example.config.SecurityConfig$$SpringCGLIB$$0.daoAuthenticationProvider(<generated>)
	at com.jwt.example.config.SecurityConfig.daoAuthenticationProvider(SecurityConfig.java:57)
	at com.jwt.example.config.SecurityConfig$$SpringCGLIB$$0.CGLIB$daoAuthenticationProvider$1(<generated>)
	at com.jwt.example.config.SecurityConfig$$SpringCGLIB$$2.invoke(<generated>)
	at org.springframework.cglib.proxy.MethodProxy.invokeSuper(MethodProxy.java:258)
	at org.springframework.context.annotation.ConfigurationClassEnhancer$BeanMethodInterceptor.intercept(ConfigurationClassEnhancer.java:331)
	at com.jwt.example.config.SecurityConfig$$SpringCGLIB$$0.daoAuthenticationProvider(<generated>)
	at com.jwt.example.config.SecurityConfig.daoAuthenticationProvider(SecurityConfig.java:57)
	at com.jwt.example.config.SecurityConfig$$SpringCGLIB$$0.CGLIB$daoAuthenticationProvider$1(<generated>)
	at com.jwt.example.config.SecurityConfig$$SpringCGLIB$$2.invoke(<generated>)
	at org.springframework.cglib.proxy.MethodProxy.invokeSuper(MethodProxy.java:258)
	at org.springframework.context.annotation.ConfigurationClassEnhancer$BeanMethodInterceptor.intercept(ConfigurationClassEnhancer.java:331)
	at com.jwt.example.config.SecurityConfig$$SpringCGLIB$$0.daoAuthenticationProvider(<generated>)
	at com.jwt.example.config.SecurityConfig.daoAuthenticationProvider(SecurityConfig.java:57)
	at com.jwt.example.config.SecurityConfig$$SpringCGLIB$$0.CGLIB$daoAuthenticationProvider$1(<generated>)
	at com.jwt.example.config.SecurityConfig$$SpringCGLIB$$2.invoke(<generated>)
	at org.springframework.cglib.proxy.MethodProxy.invokeSuper(MethodProxy.java:258)
	at org.springframework.context.annotation.ConfigurationClassEnhancer$BeanMethodInterceptor.intercept(ConfigurationClassEnhancer.java:331)
	at com.jwt.example.config.SecurityConfig$$SpringCGLIB$$0.daoAuthenticationProvider(<generated>)
	at com.jwt.example.config.SecurityConfig.daoAuthenticationProvider(SecurityConfig.java:57)
	at com.jwt.example.config.SecurityConfig$$SpringCGLIB$$0.CGLIB$daoAuthenticationProvider$1(<generated>)
	at com.jwt.example.config.SecurityConfig$$SpringCGLIB$$2.invoke(<generated>)
	at org.springframework.cglib.proxy.MethodProxy.invokeSuper(MethodProxy.java:258)
	at org.springframework.context.annotation.ConfigurationClassEnhancer$BeanMethodInterceptor.intercept(ConfigurationClassEnhancer.java:331)
	at com.jwt.example.config.SecurityConfig$$SpringCGLIB$$0.daoAuthenticationProvider(<generated>)
	at com.jwt.example.config.SecurityConfig.daoAuthenticationProvider(SecurityConfig.java:57)
	at com.jwt.example.config.SecurityConfig$$SpringCGLIB$$0.CGLIB$daoAuthenticationProvider$1(<generated>)
	at com.jwt.example.config.SecurityConfig$$SpringCGLIB$$2.invoke(<generated>)
	at org.springframework.cglib.proxy.MethodProxy.invokeSuper(MethodProxy.java:258)
	at org.springframework.context.annotation.ConfigurationClassEnhancer$BeanMethodInterceptor.intercept(ConfigurationClassEnhancer.java:331)
	at com.jwt.example.config.SecurityConfig$$SpringCGLIB$$0.daoAuthenticationProvider(<generated>)
	at com.jwt.example.config.SecurityConfig.daoAuthenticationProvider(SecurityConfig.java:57)
	at com.jwt.example.config.SecurityConfig$$SpringCGLIB$$0.CGLIB$daoAuthenticationProvider$1(<generated>)
	at com.jwt.example.config.SecurityConfig$$SpringCGLIB$$2.invoke(<generated>)
	at org.springframework.cglib.proxy.MethodProxy.invokeSuper(MethodProxy.java:258)
	at org.springframework.context.annotation.ConfigurationClassEnhancer$BeanMethodInterceptor.intercept(ConfigurationClassEnhancer.java:331)
	at com.jwt.example.config.SecurityConfig$$SpringCGLIB$$0.daoAuthenticationProvider(<generated>)
	at com.jwt.example.config.SecurityConfig.daoAuthenticationProvider(SecurityConfig.java:57)

